#
# There is insufficient memory for the Java Runtime Environment to continue.
# Native memory allocation (malloc) failed to allocate 1863376 bytes for Chunk::new
# Possible reasons:
#   The system is out of physical RAM or swap space
#   The process is running with CompressedOops enabled, and the Java Heap may be blocking the growth of the native heap
# Possible solutions:
#   Reduce memory load on the system
#   Increase physical memory or swap space
#   Check if swap backing store is full
#   Decrease Java heap size (-Xmx/-Xms)
#   Decrease number of Java threads
#   Decrease Java thread stack sizes (-Xss)
#   Set larger code cache with -XX:ReservedCodeCacheSize=
#   JVM is running with Unscaled Compressed Oops mode in which the Java heap is
#     placed in the first 4GB address space. The Java Heap base address is the
#     maximum limit for the native heap growth. Please use -XX:HeapBaseMinAddress
#     to set the Java Heap base and to place the Java Heap above 4GB virtual address.
# This output file may be truncated or incomplete.
#
#  Out of Memory Error (arena.cpp:168), pid=52008, tid=36196
#
# JRE version: Java(TM) SE Runtime Environment (21.0.5+9) (build 21.0.5+9-LTS-239)
# Java VM: Java HotSpot(TM) 64-Bit Server VM (21.0.5+9-LTS-239, mixed mode, sharing, tiered, compressed oops, compressed class ptrs, g1 gc, windows-amd64)
# No core dump will be written. Minidumps are not enabled by default on client versions of Windows
#

---------------  S U M M A R Y ------------

Command Line: --add-opens=java.base/java.lang=ALL-UNNAMED --add-opens=java.base/java.lang.invoke=ALL-UNNAMED --add-opens=java.base/java.util=ALL-UNNAMED --add-opens=java.prefs/java.util.prefs=ALL-UNNAMED --add-exports=jdk.compiler/com.sun.tools.javac.api=ALL-UNNAMED --add-exports=jdk.compiler/com.sun.tools.javac.util=ALL-UNNAMED --add-opens=java.base/java.util=ALL-UNNAMED --add-opens=java.prefs/java.util.prefs=ALL-UNNAMED --add-opens=java.base/java.nio.charset=ALL-UNNAMED --add-opens=java.base/java.net=ALL-UNNAMED --add-opens=java.base/java.util.concurrent.atomic=ALL-UNNAMED --add-opens=java.xml/javax.xml.namespace=ALL-UNNAMED -XX:MaxMetaspaceSize=512m -XX:+HeapDumpOnOutOfMemoryError -Xmx2048m -Dfile.encoding=UTF-8 -Duser.country=US -Duser.language=en -Duser.variant -javaagent:C:\Users\Nasko\.gradle\wrapper\dists\gradle-8.13-bin\5xuhj0ry160q40clulazy9h7d\gradle-8.13\lib\agents\gradle-instrumentation-agent-8.13.jar org.gradle.launcher.daemon.bootstrap.GradleDaemon 8.13

Host: Intel(R) Core(TM) i7-1065G7 CPU @ 1.30GHz, 8 cores, 15G,  Windows 11 , 64 bit Build 26100 (10.0.26100.3912)
Time: Thu Jun  5 16:43:58 2025 FLE Daylight Time elapsed time: 6.465142 seconds (0d 0h 0m 6s)

---------------  T H R E A D  ---------------

Current thread (0x000001c8760508a0):  JavaThread "C2 CompilerThread2" daemon [_thread_in_native, id=36196, stack(0x0000005942800000,0x0000005942900000) (1024K)]


Current CompileTask:
C2:   6465 2837   !   4       java.net.URLClassLoader::findClass (47 bytes)

Stack: [0x0000005942800000,0x0000005942900000]
Native frames: (J=compiled Java code, j=interpreted, Vv=VM code, C=native code)
V  [jvm.dll+0x6ca289]
V  [jvm.dll+0x854a51]
V  [jvm.dll+0x856f7e]
V  [jvm.dll+0x857653]
V  [jvm.dll+0x27dd26]
V  [jvm.dll+0xc4c2d]
V  [jvm.dll+0xc5163]
V  [jvm.dll+0x3b4d02]
V  [jvm.dll+0x3814b5]
V  [jvm.dll+0x38092a]
V  [jvm.dll+0x246910]
V  [jvm.dll+0x245eef]
V  [jvm.dll+0x1c6d0e]
V  [jvm.dll+0x2554d9]
V  [jvm.dll+0x253a6a]
V  [jvm.dll+0x3ee136]
V  [jvm.dll+0x7fee9b]
V  [jvm.dll+0x6c896d]
C  [ucrtbase.dll+0x37b0]
C  [KERNEL32.DLL+0x2e8d7]
C  [ntdll.dll+0x9c5dc]


---------------  P R O C E S S  ---------------

Threads class SMR info:
_java_thread_list=0x000001c8763bcf60, length=26, elements={
0x000001c83636a960, 0x000001c85501f520, 0x000001c855020ae0, 0x000001c8550229c0,
0x000001c8550256a0, 0x000001c855026c60, 0x000001c85502c3b0, 0x000001c8550341c0,
0x000001c85503d7d0, 0x000001c8551804a0, 0x000001c855381f40, 0x000001c8553a0630,
0x000001c875f37080, 0x000001c875fc38a0, 0x000001c875525730, 0x000001c8761aaf60,
0x000001c8761ab5c0, 0x000001c87605ac90, 0x000001c8762ea020, 0x000001c876047700,
0x000001c8762aa520, 0x000001c8762abf60, 0x000001c8762aabb0, 0x000001c8762ad310,
0x000001c8762acc80, 0x000001c8760508a0
}

Java Threads: ( => current thread )
  0x000001c83636a960 JavaThread "main"                              [_thread_blocked, id=21796, stack(0x0000005940100000,0x0000005940200000) (1024K)]
  0x000001c85501f520 JavaThread "Reference Handler"          daemon [_thread_blocked, id=7216, stack(0x0000005940900000,0x0000005940a00000) (1024K)]
  0x000001c855020ae0 JavaThread "Finalizer"                  daemon [_thread_blocked, id=21844, stack(0x0000005940a00000,0x0000005940b00000) (1024K)]
  0x000001c8550229c0 JavaThread "Signal Dispatcher"          daemon [_thread_blocked, id=20700, stack(0x0000005940b00000,0x0000005940c00000) (1024K)]
  0x000001c8550256a0 JavaThread "Attach Listener"            daemon [_thread_blocked, id=23096, stack(0x0000005940c00000,0x0000005940d00000) (1024K)]
  0x000001c855026c60 JavaThread "Service Thread"             daemon [_thread_blocked, id=52244, stack(0x0000005940d00000,0x0000005940e00000) (1024K)]
  0x000001c85502c3b0 JavaThread "Monitor Deflation Thread"   daemon [_thread_blocked, id=43452, stack(0x0000005940e00000,0x0000005940f00000) (1024K)]
  0x000001c8550341c0 JavaThread "C2 CompilerThread0"         daemon [_thread_in_native, id=54340, stack(0x0000005940f00000,0x0000005941000000) (1024K)]
  0x000001c85503d7d0 JavaThread "C1 CompilerThread0"         daemon [_thread_blocked, id=48168, stack(0x0000005941000000,0x0000005941100000) (1024K)]
  0x000001c8551804a0 JavaThread "Common-Cleaner"             daemon [_thread_blocked, id=52904, stack(0x0000005941100000,0x0000005941200000) (1024K)]
  0x000001c855381f40 JavaThread "Notification Thread"        daemon [_thread_blocked, id=13412, stack(0x0000005941200000,0x0000005941300000) (1024K)]
  0x000001c8553a0630 JavaThread "C2 CompilerThread1"         daemon [_thread_in_native, id=42588, stack(0x0000005941300000,0x0000005941400000) (1024K)]
  0x000001c875f37080 JavaThread "Daemon health stats"               [_thread_blocked, id=53036, stack(0x0000005941400000,0x0000005941500000) (1024K)]
  0x000001c875fc38a0 JavaThread "Incoming local TCP Connector on port 56394"        [_thread_in_native, id=49072, stack(0x0000005941c00000,0x0000005941d00000) (1024K)]
  0x000001c875525730 JavaThread "Daemon periodic checks"            [_thread_blocked, id=18352, stack(0x0000005941d00000,0x0000005941e00000) (1024K)]
  0x000001c8761aaf60 JavaThread "Daemon"                            [_thread_blocked, id=54116, stack(0x0000005941e00000,0x0000005941f00000) (1024K)]
  0x000001c8761ab5c0 JavaThread "Handler for socket connection from /127.0.0.1:56394 to /127.0.0.1:56395"        [_thread_in_native, id=54376, stack(0x0000005941f00000,0x0000005942000000) (1024K)]
  0x000001c87605ac90 JavaThread "Cancel handler"                    [_thread_blocked, id=52780, stack(0x0000005942000000,0x0000005942100000) (1024K)]
  0x000001c8762ea020 JavaThread "Daemon worker"                     [_thread_in_Java, id=12992, stack(0x0000005942100000,0x0000005942200000) (1024K)]
  0x000001c876047700 JavaThread "Asynchronous log dispatcher for DefaultDaemonConnection: socket connection from /127.0.0.1:56394 to /127.0.0.1:56395"        [_thread_blocked, id=49436, stack(0x0000005942200000,0x0000005942300000) (1024K)]
  0x000001c8762aa520 JavaThread "Stdin handler"                     [_thread_blocked, id=34044, stack(0x0000005942300000,0x0000005942400000) (1024K)]
  0x000001c8762abf60 JavaThread "Daemon client event forwarder"        [_thread_blocked, id=53080, stack(0x0000005942400000,0x0000005942500000) (1024K)]
  0x000001c8762aabb0 JavaThread "Cache worker for journal cache (C:\Users\Nasko\.gradle\caches\journal-1)"        [_thread_blocked, id=54476, stack(0x0000005942500000,0x0000005942600000) (1024K)]
  0x000001c8762ad310 JavaThread "File lock request listener"        [_thread_in_native, id=54412, stack(0x0000005942600000,0x0000005942700000) (1024K)]
  0x000001c8762acc80 JavaThread "Cache worker for file hash cache (C:\Users\Nasko\.gradle\caches\8.13\fileHashes)"        [_thread_blocked, id=54824, stack(0x0000005942700000,0x0000005942800000) (1024K)]
=>0x000001c8760508a0 JavaThread "C2 CompilerThread2"         daemon [_thread_in_native, id=36196, stack(0x0000005942800000,0x0000005942900000) (1024K)]
Total: 26

Other Threads:
  0x000001c855002ae0 VMThread "VM Thread"                           [id=15236, stack(0x0000005940800000,0x0000005940900000) (1024K)]
  0x000001c854ff3d50 WatcherThread "VM Periodic Task Thread"        [id=52716, stack(0x0000005940700000,0x0000005940800000) (1024K)]
  0x000001c83642dfa0 WorkerThread "GC Thread#0"                     [id=49968, stack(0x0000005940200000,0x0000005940300000) (1024K)]
  0x000001c855694060 WorkerThread "GC Thread#1"                     [id=25708, stack(0x0000005941500000,0x0000005941600000) (1024K)]
  0x000001c85588ca70 WorkerThread "GC Thread#2"                     [id=31896, stack(0x0000005941600000,0x0000005941700000) (1024K)]
  0x000001c8553890f0 WorkerThread "GC Thread#3"                     [id=54644, stack(0x0000005941700000,0x0000005941800000) (1024K)]
  0x000001c855389490 WorkerThread "GC Thread#4"                     [id=15284, stack(0x0000005941800000,0x0000005941900000) (1024K)]
  0x000001c855389830 WorkerThread "GC Thread#5"                     [id=53808, stack(0x0000005941900000,0x0000005941a00000) (1024K)]
  0x000001c875530500 WorkerThread "GC Thread#6"                     [id=54976, stack(0x0000005941a00000,0x0000005941b00000) (1024K)]
  0x000001c8753c98c0 WorkerThread "GC Thread#7"                     [id=4800, stack(0x0000005941b00000,0x0000005941c00000) (1024K)]
  0x000001c837ed5ca0 ConcurrentGCThread "G1 Main Marker"            [id=4400, stack(0x0000005940300000,0x0000005940400000) (1024K)]
  0x000001c837ed7460 WorkerThread "G1 Conc#0"                       [id=48540, stack(0x0000005940400000,0x0000005940500000) (1024K)]
  0x000001c854f43810 ConcurrentGCThread "G1 Refine#0"               [id=35376, stack(0x0000005940500000,0x0000005940600000) (1024K)]
  0x000001c854f44030 ConcurrentGCThread "G1 Service"                [id=47416, stack(0x0000005940600000,0x0000005940700000) (1024K)]
Total: 14

Threads with active compile tasks:
C2 CompilerThread0     6547 2838       4       java.net.URLClassLoader$1::run (5 bytes)
C2 CompilerThread1     6548 2848       4       java.util.Collections$SetFromMap::remove (19 bytes)
C2 CompilerThread2     6548 2837   !   4       java.net.URLClassLoader::findClass (47 bytes)
Total: 3

VM state: not at safepoint (normal execution)

VM Mutex/Monitor currently owned by a thread: None

Heap address: 0x0000000080000000, size: 2048 MB, Compressed Oops mode: 32-bit

CDS archive(s) mapped at: [0x000001c856000000-0x000001c856c90000-0x000001c856c90000), size 13172736, SharedBaseAddress: 0x000001c856000000, ArchiveRelocationMode: 1.
Compressed class space mapped at: 0x000001c857000000-0x000001c871000000, reserved size: 436207616
Narrow klass base: 0x000001c856000000, Narrow klass shift: 0, Narrow klass range: 0x100000000

GC Precious Log:
 CardTable entry size: 512
 Card Set container configuration: InlinePtr #cards 5 size 8 Array Of Cards #cards 12 size 40 Howl #buckets 4 coarsen threshold 1843 Howl Bitmap #cards 512 size 80 coarsen threshold 460 Card regions per heap region 1 cards per card region 2048
 CPUs: 8 total, 8 available
 Memory: 16126M
 Large Page Support: Disabled
 NUMA Support: Disabled
 Compressed Oops: Enabled (32-bit)
 Heap Region Size: 1M
 Heap Min Capacity: 8M
 Heap Initial Capacity: 252M
 Heap Max Capacity: 2G
 Pre-touch: Disabled
 Parallel Workers: 8
 Concurrent Workers: 2
 Concurrent Refinement Workers: 8
 Periodic GC: Disabled

Heap:
 garbage-first heap   total 258048K, used 82590K [0x0000000080000000, 0x0000000100000000)
  region size 1024K, 70 young (71680K), 6 survivors (6144K)
 Metaspace       used 18244K, committed 18816K, reserved 491520K
  class space    used 2525K, committed 2752K, reserved 425984K

Heap Regions: E=young(eden), S=young(survivor), O=old, HS=humongous(starts), HC=humongous(continues), CS=collection set, F=free, TAMS=top-at-mark-start, PB=parsable bottom
|   0|0x0000000080000000, 0x0000000080100000, 0x0000000080100000|100%|HS|  |TAMS 0x0000000080000000| PB 0x0000000080000000| Complete 
|   1|0x0000000080100000, 0x0000000080200000, 0x0000000080200000|100%|HC|  |TAMS 0x0000000080100000| PB 0x0000000080100000| Complete 
|   2|0x0000000080200000, 0x0000000080300000, 0x0000000080300000|100%|HC|  |TAMS 0x0000000080200000| PB 0x0000000080200000| Complete 
|   3|0x0000000080300000, 0x0000000080400000, 0x0000000080400000|100%| O|  |TAMS 0x0000000080300000| PB 0x0000000080300000| Untracked 
|   4|0x0000000080400000, 0x0000000080500000, 0x0000000080500000|100%| O|  |TAMS 0x0000000080400000| PB 0x0000000080400000| Untracked 
|   5|0x0000000080500000, 0x0000000080600000, 0x0000000080600000|100%| O|  |TAMS 0x0000000080500000| PB 0x0000000080500000| Untracked 
|   6|0x0000000080600000, 0x0000000080700000, 0x0000000080700000|100%|HS|  |TAMS 0x0000000080600000| PB 0x0000000080600000| Complete 
|   7|0x0000000080700000, 0x0000000080700000, 0x0000000080800000|  0%| F|  |TAMS 0x0000000080700000| PB 0x0000000080700000| Untracked 
|   8|0x0000000080800000, 0x0000000080900000, 0x0000000080900000|100%| O|  |TAMS 0x0000000080800000| PB 0x0000000080800000| Untracked 
|   9|0x0000000080900000, 0x0000000080a00000, 0x0000000080a00000|100%| O|  |TAMS 0x0000000080900000| PB 0x0000000080900000| Untracked 
|  10|0x0000000080a00000, 0x0000000080b00000, 0x0000000080b00000|100%| O|  |TAMS 0x0000000080a00000| PB 0x0000000080a00000| Untracked 
|  11|0x0000000080b00000, 0x0000000080c00000, 0x0000000080c00000|100%| O|  |TAMS 0x0000000080b00000| PB 0x0000000080b00000| Untracked 
|  12|0x0000000080c00000, 0x0000000080cdbe30, 0x0000000080d00000| 85%| O|  |TAMS 0x0000000080c00000| PB 0x0000000080c00000| Untracked 
|  13|0x0000000080d00000, 0x0000000080d00000, 0x0000000080e00000|  0%| F|  |TAMS 0x0000000080d00000| PB 0x0000000080d00000| Untracked 
|  14|0x0000000080e00000, 0x0000000080e00000, 0x0000000080f00000|  0%| F|  |TAMS 0x0000000080e00000| PB 0x0000000080e00000| Untracked 
|  15|0x0000000080f00000, 0x0000000080f00000, 0x0000000081000000|  0%| F|  |TAMS 0x0000000080f00000| PB 0x0000000080f00000| Untracked 
|  16|0x0000000081000000, 0x0000000081000000, 0x0000000081100000|  0%| F|  |TAMS 0x0000000081000000| PB 0x0000000081000000| Untracked 
|  17|0x0000000081100000, 0x0000000081100000, 0x0000000081200000|  0%| F|  |TAMS 0x0000000081100000| PB 0x0000000081100000| Untracked 
|  18|0x0000000081200000, 0x0000000081200000, 0x0000000081300000|  0%| F|  |TAMS 0x0000000081200000| PB 0x0000000081200000| Untracked 
|  19|0x0000000081300000, 0x0000000081300000, 0x0000000081400000|  0%| F|  |TAMS 0x0000000081300000| PB 0x0000000081300000| Untracked 
|  20|0x0000000081400000, 0x0000000081400000, 0x0000000081500000|  0%| F|  |TAMS 0x0000000081400000| PB 0x0000000081400000| Untracked 
|  21|0x0000000081500000, 0x0000000081500000, 0x0000000081600000|  0%| F|  |TAMS 0x0000000081500000| PB 0x0000000081500000| Untracked 
|  22|0x0000000081600000, 0x0000000081600000, 0x0000000081700000|  0%| F|  |TAMS 0x0000000081600000| PB 0x0000000081600000| Untracked 
|  23|0x0000000081700000, 0x0000000081700000, 0x0000000081800000|  0%| F|  |TAMS 0x0000000081700000| PB 0x0000000081700000| Untracked 
|  24|0x0000000081800000, 0x0000000081800000, 0x0000000081900000|  0%| F|  |TAMS 0x0000000081800000| PB 0x0000000081800000| Untracked 
|  25|0x0000000081900000, 0x0000000081900000, 0x0000000081a00000|  0%| F|  |TAMS 0x0000000081900000| PB 0x0000000081900000| Untracked 
|  26|0x0000000081a00000, 0x0000000081a00000, 0x0000000081b00000|  0%| F|  |TAMS 0x0000000081a00000| PB 0x0000000081a00000| Untracked 
|  27|0x0000000081b00000, 0x0000000081b00000, 0x0000000081c00000|  0%| F|  |TAMS 0x0000000081b00000| PB 0x0000000081b00000| Untracked 
|  28|0x0000000081c00000, 0x0000000081c00000, 0x0000000081d00000|  0%| F|  |TAMS 0x0000000081c00000| PB 0x0000000081c00000| Untracked 
|  29|0x0000000081d00000, 0x0000000081d00000, 0x0000000081e00000|  0%| F|  |TAMS 0x0000000081d00000| PB 0x0000000081d00000| Untracked 
|  30|0x0000000081e00000, 0x0000000081e00000, 0x0000000081f00000|  0%| F|  |TAMS 0x0000000081e00000| PB 0x0000000081e00000| Untracked 
|  31|0x0000000081f00000, 0x0000000081f00000, 0x0000000082000000|  0%| F|  |TAMS 0x0000000081f00000| PB 0x0000000081f00000| Untracked 
|  32|0x0000000082000000, 0x0000000082000000, 0x0000000082100000|  0%| F|  |TAMS 0x0000000082000000| PB 0x0000000082000000| Untracked 
|  33|0x0000000082100000, 0x0000000082100000, 0x0000000082200000|  0%| F|  |TAMS 0x0000000082100000| PB 0x0000000082100000| Untracked 
|  34|0x0000000082200000, 0x0000000082200000, 0x0000000082300000|  0%| F|  |TAMS 0x0000000082200000| PB 0x0000000082200000| Untracked 
|  35|0x0000000082300000, 0x0000000082300000, 0x0000000082400000|  0%| F|  |TAMS 0x0000000082300000| PB 0x0000000082300000| Untracked 
|  36|0x0000000082400000, 0x0000000082400000, 0x0000000082500000|  0%| F|  |TAMS 0x0000000082400000| PB 0x0000000082400000| Untracked 
|  37|0x0000000082500000, 0x0000000082500000, 0x0000000082600000|  0%| F|  |TAMS 0x0000000082500000| PB 0x0000000082500000| Untracked 
|  38|0x0000000082600000, 0x0000000082600000, 0x0000000082700000|  0%| F|  |TAMS 0x0000000082600000| PB 0x0000000082600000| Untracked 
|  39|0x0000000082700000, 0x0000000082700000, 0x0000000082800000|  0%| F|  |TAMS 0x0000000082700000| PB 0x0000000082700000| Untracked 
|  40|0x0000000082800000, 0x0000000082800000, 0x0000000082900000|  0%| F|  |TAMS 0x0000000082800000| PB 0x0000000082800000| Untracked 
|  41|0x0000000082900000, 0x0000000082900000, 0x0000000082a00000|  0%| F|  |TAMS 0x0000000082900000| PB 0x0000000082900000| Untracked 
|  42|0x0000000082a00000, 0x0000000082a00000, 0x0000000082b00000|  0%| F|  |TAMS 0x0000000082a00000| PB 0x0000000082a00000| Untracked 
|  43|0x0000000082b00000, 0x0000000082b00000, 0x0000000082c00000|  0%| F|  |TAMS 0x0000000082b00000| PB 0x0000000082b00000| Untracked 
|  44|0x0000000082c00000, 0x0000000082c00000, 0x0000000082d00000|  0%| F|  |TAMS 0x0000000082c00000| PB 0x0000000082c00000| Untracked 
|  45|0x0000000082d00000, 0x0000000082d00000, 0x0000000082e00000|  0%| F|  |TAMS 0x0000000082d00000| PB 0x0000000082d00000| Untracked 
|  46|0x0000000082e00000, 0x0000000082e00000, 0x0000000082f00000|  0%| F|  |TAMS 0x0000000082e00000| PB 0x0000000082e00000| Untracked 
|  47|0x0000000082f00000, 0x0000000082f00000, 0x0000000083000000|  0%| F|  |TAMS 0x0000000082f00000| PB 0x0000000082f00000| Untracked 
|  48|0x0000000083000000, 0x0000000083000000, 0x0000000083100000|  0%| F|  |TAMS 0x0000000083000000| PB 0x0000000083000000| Untracked 
|  49|0x0000000083100000, 0x0000000083100000, 0x0000000083200000|  0%| F|  |TAMS 0x0000000083100000| PB 0x0000000083100000| Untracked 
|  50|0x0000000083200000, 0x0000000083200000, 0x0000000083300000|  0%| F|  |TAMS 0x0000000083200000| PB 0x0000000083200000| Untracked 
|  51|0x0000000083300000, 0x0000000083300000, 0x0000000083400000|  0%| F|  |TAMS 0x0000000083300000| PB 0x0000000083300000| Untracked 
|  52|0x0000000083400000, 0x0000000083400000, 0x0000000083500000|  0%| F|  |TAMS 0x0000000083400000| PB 0x0000000083400000| Untracked 
|  53|0x0000000083500000, 0x0000000083500000, 0x0000000083600000|  0%| F|  |TAMS 0x0000000083500000| PB 0x0000000083500000| Untracked 
|  54|0x0000000083600000, 0x0000000083600000, 0x0000000083700000|  0%| F|  |TAMS 0x0000000083600000| PB 0x0000000083600000| Untracked 
|  55|0x0000000083700000, 0x0000000083700000, 0x0000000083800000|  0%| F|  |TAMS 0x0000000083700000| PB 0x0000000083700000| Untracked 
|  56|0x0000000083800000, 0x0000000083800000, 0x0000000083900000|  0%| F|  |TAMS 0x0000000083800000| PB 0x0000000083800000| Untracked 
|  57|0x0000000083900000, 0x0000000083900000, 0x0000000083a00000|  0%| F|  |TAMS 0x0000000083900000| PB 0x0000000083900000| Untracked 
|  58|0x0000000083a00000, 0x0000000083a00000, 0x0000000083b00000|  0%| F|  |TAMS 0x0000000083a00000| PB 0x0000000083a00000| Untracked 
|  59|0x0000000083b00000, 0x0000000083b00000, 0x0000000083c00000|  0%| F|  |TAMS 0x0000000083b00000| PB 0x0000000083b00000| Untracked 
|  60|0x0000000083c00000, 0x0000000083c00000, 0x0000000083d00000|  0%| F|  |TAMS 0x0000000083c00000| PB 0x0000000083c00000| Untracked 
|  61|0x0000000083d00000, 0x0000000083d00000, 0x0000000083e00000|  0%| F|  |TAMS 0x0000000083d00000| PB 0x0000000083d00000| Untracked 
|  62|0x0000000083e00000, 0x0000000083e00000, 0x0000000083f00000|  0%| F|  |TAMS 0x0000000083e00000| PB 0x0000000083e00000| Untracked 
|  63|0x0000000083f00000, 0x0000000083f00000, 0x0000000084000000|  0%| F|  |TAMS 0x0000000083f00000| PB 0x0000000083f00000| Untracked 
|  64|0x0000000084000000, 0x0000000084000000, 0x0000000084100000|  0%| F|  |TAMS 0x0000000084000000| PB 0x0000000084000000| Untracked 
|  65|0x0000000084100000, 0x0000000084100000, 0x0000000084200000|  0%| F|  |TAMS 0x0000000084100000| PB 0x0000000084100000| Untracked 
|  66|0x0000000084200000, 0x0000000084200000, 0x0000000084300000|  0%| F|  |TAMS 0x0000000084200000| PB 0x0000000084200000| Untracked 
|  67|0x0000000084300000, 0x0000000084300000, 0x0000000084400000|  0%| F|  |TAMS 0x0000000084300000| PB 0x0000000084300000| Untracked 
|  68|0x0000000084400000, 0x0000000084400000, 0x0000000084500000|  0%| F|  |TAMS 0x0000000084400000| PB 0x0000000084400000| Untracked 
|  69|0x0000000084500000, 0x0000000084500000, 0x0000000084600000|  0%| F|  |TAMS 0x0000000084500000| PB 0x0000000084500000| Untracked 
|  70|0x0000000084600000, 0x0000000084600000, 0x0000000084700000|  0%| F|  |TAMS 0x0000000084600000| PB 0x0000000084600000| Untracked 
|  71|0x0000000084700000, 0x0000000084700000, 0x0000000084800000|  0%| F|  |TAMS 0x0000000084700000| PB 0x0000000084700000| Untracked 
|  72|0x0000000084800000, 0x0000000084800000, 0x0000000084900000|  0%| F|  |TAMS 0x0000000084800000| PB 0x0000000084800000| Untracked 
|  73|0x0000000084900000, 0x0000000084900000, 0x0000000084a00000|  0%| F|  |TAMS 0x0000000084900000| PB 0x0000000084900000| Untracked 
|  74|0x0000000084a00000, 0x0000000084a00000, 0x0000000084b00000|  0%| F|  |TAMS 0x0000000084a00000| PB 0x0000000084a00000| Untracked 
|  75|0x0000000084b00000, 0x0000000084b00000, 0x0000000084c00000|  0%| F|  |TAMS 0x0000000084b00000| PB 0x0000000084b00000| Untracked 
|  76|0x0000000084c00000, 0x0000000084c00000, 0x0000000084d00000|  0%| F|  |TAMS 0x0000000084c00000| PB 0x0000000084c00000| Untracked 
|  77|0x0000000084d00000, 0x0000000084d00000, 0x0000000084e00000|  0%| F|  |TAMS 0x0000000084d00000| PB 0x0000000084d00000| Untracked 
|  78|0x0000000084e00000, 0x0000000084e00000, 0x0000000084f00000|  0%| F|  |TAMS 0x0000000084e00000| PB 0x0000000084e00000| Untracked 
|  79|0x0000000084f00000, 0x0000000084f00000, 0x0000000085000000|  0%| F|  |TAMS 0x0000000084f00000| PB 0x0000000084f00000| Untracked 
|  80|0x0000000085000000, 0x0000000085000000, 0x0000000085100000|  0%| F|  |TAMS 0x0000000085000000| PB 0x0000000085000000| Untracked 
|  81|0x0000000085100000, 0x0000000085100000, 0x0000000085200000|  0%| F|  |TAMS 0x0000000085100000| PB 0x0000000085100000| Untracked 
|  82|0x0000000085200000, 0x0000000085200000, 0x0000000085300000|  0%| F|  |TAMS 0x0000000085200000| PB 0x0000000085200000| Untracked 
|  83|0x0000000085300000, 0x0000000085300000, 0x0000000085400000|  0%| F|  |TAMS 0x0000000085300000| PB 0x0000000085300000| Untracked 
|  84|0x0000000085400000, 0x0000000085400000, 0x0000000085500000|  0%| F|  |TAMS 0x0000000085400000| PB 0x0000000085400000| Untracked 
|  85|0x0000000085500000, 0x0000000085500000, 0x0000000085600000|  0%| F|  |TAMS 0x0000000085500000| PB 0x0000000085500000| Untracked 
|  86|0x0000000085600000, 0x0000000085600000, 0x0000000085700000|  0%| F|  |TAMS 0x0000000085600000| PB 0x0000000085600000| Untracked 
|  87|0x0000000085700000, 0x0000000085700000, 0x0000000085800000|  0%| F|  |TAMS 0x0000000085700000| PB 0x0000000085700000| Untracked 
|  88|0x0000000085800000, 0x0000000085800000, 0x0000000085900000|  0%| F|  |TAMS 0x0000000085800000| PB 0x0000000085800000| Untracked 
|  89|0x0000000085900000, 0x0000000085900000, 0x0000000085a00000|  0%| F|  |TAMS 0x0000000085900000| PB 0x0000000085900000| Untracked 
|  90|0x0000000085a00000, 0x0000000085a00000, 0x0000000085b00000|  0%| F|  |TAMS 0x0000000085a00000| PB 0x0000000085a00000| Untracked 
|  91|0x0000000085b00000, 0x0000000085b00000, 0x0000000085c00000|  0%| F|  |TAMS 0x0000000085b00000| PB 0x0000000085b00000| Untracked 
|  92|0x0000000085c00000, 0x0000000085c00000, 0x0000000085d00000|  0%| F|  |TAMS 0x0000000085c00000| PB 0x0000000085c00000| Untracked 
|  93|0x0000000085d00000, 0x0000000085d00000, 0x0000000085e00000|  0%| F|  |TAMS 0x0000000085d00000| PB 0x0000000085d00000| Untracked 
|  94|0x0000000085e00000, 0x0000000085e00000, 0x0000000085f00000|  0%| F|  |TAMS 0x0000000085e00000| PB 0x0000000085e00000| Untracked 
|  95|0x0000000085f00000, 0x0000000085f00000, 0x0000000086000000|  0%| F|  |TAMS 0x0000000085f00000| PB 0x0000000085f00000| Untracked 
|  96|0x0000000086000000, 0x0000000086000000, 0x0000000086100000|  0%| F|  |TAMS 0x0000000086000000| PB 0x0000000086000000| Untracked 
|  97|0x0000000086100000, 0x0000000086100000, 0x0000000086200000|  0%| F|  |TAMS 0x0000000086100000| PB 0x0000000086100000| Untracked 
|  98|0x0000000086200000, 0x0000000086200000, 0x0000000086300000|  0%| F|  |TAMS 0x0000000086200000| PB 0x0000000086200000| Untracked 
|  99|0x0000000086300000, 0x0000000086300000, 0x0000000086400000|  0%| F|  |TAMS 0x0000000086300000| PB 0x0000000086300000| Untracked 
| 100|0x0000000086400000, 0x0000000086400000, 0x0000000086500000|  0%| F|  |TAMS 0x0000000086400000| PB 0x0000000086400000| Untracked 
| 101|0x0000000086500000, 0x0000000086500000, 0x0000000086600000|  0%| F|  |TAMS 0x0000000086500000| PB 0x0000000086500000| Untracked 
| 102|0x0000000086600000, 0x0000000086600000, 0x0000000086700000|  0%| F|  |TAMS 0x0000000086600000| PB 0x0000000086600000| Untracked 
| 103|0x0000000086700000, 0x0000000086700000, 0x0000000086800000|  0%| F|  |TAMS 0x0000000086700000| PB 0x0000000086700000| Untracked 
| 104|0x0000000086800000, 0x0000000086800000, 0x0000000086900000|  0%| F|  |TAMS 0x0000000086800000| PB 0x0000000086800000| Untracked 
| 105|0x0000000086900000, 0x0000000086900000, 0x0000000086a00000|  0%| F|  |TAMS 0x0000000086900000| PB 0x0000000086900000| Untracked 
| 106|0x0000000086a00000, 0x0000000086a00000, 0x0000000086b00000|  0%| F|  |TAMS 0x0000000086a00000| PB 0x0000000086a00000| Untracked 
| 107|0x0000000086b00000, 0x0000000086b00000, 0x0000000086c00000|  0%| F|  |TAMS 0x0000000086b00000| PB 0x0000000086b00000| Untracked 
| 108|0x0000000086c00000, 0x0000000086c00000, 0x0000000086d00000|  0%| F|  |TAMS 0x0000000086c00000| PB 0x0000000086c00000| Untracked 
| 109|0x0000000086d00000, 0x0000000086d00000, 0x0000000086e00000|  0%| F|  |TAMS 0x0000000086d00000| PB 0x0000000086d00000| Untracked 
| 110|0x0000000086e00000, 0x0000000086e00000, 0x0000000086f00000|  0%| F|  |TAMS 0x0000000086e00000| PB 0x0000000086e00000| Untracked 
| 111|0x0000000086f00000, 0x0000000086f00000, 0x0000000087000000|  0%| F|  |TAMS 0x0000000086f00000| PB 0x0000000086f00000| Untracked 
| 112|0x0000000087000000, 0x0000000087000000, 0x0000000087100000|  0%| F|  |TAMS 0x0000000087000000| PB 0x0000000087000000| Untracked 
| 113|0x0000000087100000, 0x0000000087100000, 0x0000000087200000|  0%| F|  |TAMS 0x0000000087100000| PB 0x0000000087100000| Untracked 
| 114|0x0000000087200000, 0x0000000087200000, 0x0000000087300000|  0%| F|  |TAMS 0x0000000087200000| PB 0x0000000087200000| Untracked 
| 115|0x0000000087300000, 0x0000000087300000, 0x0000000087400000|  0%| F|  |TAMS 0x0000000087300000| PB 0x0000000087300000| Untracked 
| 116|0x0000000087400000, 0x0000000087400000, 0x0000000087500000|  0%| F|  |TAMS 0x0000000087400000| PB 0x0000000087400000| Untracked 
| 117|0x0000000087500000, 0x0000000087500000, 0x0000000087600000|  0%| F|  |TAMS 0x0000000087500000| PB 0x0000000087500000| Untracked 
| 118|0x0000000087600000, 0x0000000087600000, 0x0000000087700000|  0%| F|  |TAMS 0x0000000087600000| PB 0x0000000087600000| Untracked 
| 119|0x0000000087700000, 0x0000000087700000, 0x0000000087800000|  0%| F|  |TAMS 0x0000000087700000| PB 0x0000000087700000| Untracked 
| 120|0x0000000087800000, 0x0000000087800000, 0x0000000087900000|  0%| F|  |TAMS 0x0000000087800000| PB 0x0000000087800000| Untracked 
| 121|0x0000000087900000, 0x0000000087900000, 0x0000000087a00000|  0%| F|  |TAMS 0x0000000087900000| PB 0x0000000087900000| Untracked 
| 122|0x0000000087a00000, 0x0000000087a00000, 0x0000000087b00000|  0%| F|  |TAMS 0x0000000087a00000| PB 0x0000000087a00000| Untracked 
| 123|0x0000000087b00000, 0x0000000087b00000, 0x0000000087c00000|  0%| F|  |TAMS 0x0000000087b00000| PB 0x0000000087b00000| Untracked 
| 124|0x0000000087c00000, 0x0000000087c00000, 0x0000000087d00000|  0%| F|  |TAMS 0x0000000087c00000| PB 0x0000000087c00000| Untracked 
| 125|0x0000000087d00000, 0x0000000087d00000, 0x0000000087e00000|  0%| F|  |TAMS 0x0000000087d00000| PB 0x0000000087d00000| Untracked 
| 126|0x0000000087e00000, 0x0000000087e00000, 0x0000000087f00000|  0%| F|  |TAMS 0x0000000087e00000| PB 0x0000000087e00000| Untracked 
| 127|0x0000000087f00000, 0x0000000087f00000, 0x0000000088000000|  0%| F|  |TAMS 0x0000000087f00000| PB 0x0000000087f00000| Untracked 
| 128|0x0000000088000000, 0x0000000088000000, 0x0000000088100000|  0%| F|  |TAMS 0x0000000088000000| PB 0x0000000088000000| Untracked 
| 129|0x0000000088100000, 0x0000000088100000, 0x0000000088200000|  0%| F|  |TAMS 0x0000000088100000| PB 0x0000000088100000| Untracked 
| 130|0x0000000088200000, 0x0000000088200000, 0x0000000088300000|  0%| F|  |TAMS 0x0000000088200000| PB 0x0000000088200000| Untracked 
| 131|0x0000000088300000, 0x0000000088300000, 0x0000000088400000|  0%| F|  |TAMS 0x0000000088300000| PB 0x0000000088300000| Untracked 
| 132|0x0000000088400000, 0x0000000088400000, 0x0000000088500000|  0%| F|  |TAMS 0x0000000088400000| PB 0x0000000088400000| Untracked 
| 133|0x0000000088500000, 0x0000000088500000, 0x0000000088600000|  0%| F|  |TAMS 0x0000000088500000| PB 0x0000000088500000| Untracked 
| 134|0x0000000088600000, 0x0000000088600000, 0x0000000088700000|  0%| F|  |TAMS 0x0000000088600000| PB 0x0000000088600000| Untracked 
| 135|0x0000000088700000, 0x0000000088700000, 0x0000000088800000|  0%| F|  |TAMS 0x0000000088700000| PB 0x0000000088700000| Untracked 
| 136|0x0000000088800000, 0x0000000088800000, 0x0000000088900000|  0%| F|  |TAMS 0x0000000088800000| PB 0x0000000088800000| Untracked 
| 137|0x0000000088900000, 0x0000000088900000, 0x0000000088a00000|  0%| F|  |TAMS 0x0000000088900000| PB 0x0000000088900000| Untracked 
| 138|0x0000000088a00000, 0x0000000088a00000, 0x0000000088b00000|  0%| F|  |TAMS 0x0000000088a00000| PB 0x0000000088a00000| Untracked 
| 139|0x0000000088b00000, 0x0000000088b00000, 0x0000000088c00000|  0%| F|  |TAMS 0x0000000088b00000| PB 0x0000000088b00000| Untracked 
| 140|0x0000000088c00000, 0x0000000088c00000, 0x0000000088d00000|  0%| F|  |TAMS 0x0000000088c00000| PB 0x0000000088c00000| Untracked 
| 141|0x0000000088d00000, 0x0000000088d00000, 0x0000000088e00000|  0%| F|  |TAMS 0x0000000088d00000| PB 0x0000000088d00000| Untracked 
| 142|0x0000000088e00000, 0x0000000088e00000, 0x0000000088f00000|  0%| F|  |TAMS 0x0000000088e00000| PB 0x0000000088e00000| Untracked 
| 143|0x0000000088f00000, 0x0000000088f00000, 0x0000000089000000|  0%| F|  |TAMS 0x0000000088f00000| PB 0x0000000088f00000| Untracked 
| 144|0x0000000089000000, 0x0000000089000000, 0x0000000089100000|  0%| F|  |TAMS 0x0000000089000000| PB 0x0000000089000000| Untracked 
| 145|0x0000000089100000, 0x0000000089100000, 0x0000000089200000|  0%| F|  |TAMS 0x0000000089100000| PB 0x0000000089100000| Untracked 
| 146|0x0000000089200000, 0x0000000089200000, 0x0000000089300000|  0%| F|  |TAMS 0x0000000089200000| PB 0x0000000089200000| Untracked 
| 147|0x0000000089300000, 0x0000000089300000, 0x0000000089400000|  0%| F|  |TAMS 0x0000000089300000| PB 0x0000000089300000| Untracked 
| 148|0x0000000089400000, 0x0000000089400000, 0x0000000089500000|  0%| F|  |TAMS 0x0000000089400000| PB 0x0000000089400000| Untracked 
| 149|0x0000000089500000, 0x0000000089500000, 0x0000000089600000|  0%| F|  |TAMS 0x0000000089500000| PB 0x0000000089500000| Untracked 
| 150|0x0000000089600000, 0x0000000089600000, 0x0000000089700000|  0%| F|  |TAMS 0x0000000089600000| PB 0x0000000089600000| Untracked 
| 151|0x0000000089700000, 0x0000000089700000, 0x0000000089800000|  0%| F|  |TAMS 0x0000000089700000| PB 0x0000000089700000| Untracked 
| 152|0x0000000089800000, 0x0000000089800000, 0x0000000089900000|  0%| F|  |TAMS 0x0000000089800000| PB 0x0000000089800000| Untracked 
| 153|0x0000000089900000, 0x0000000089900000, 0x0000000089a00000|  0%| F|  |TAMS 0x0000000089900000| PB 0x0000000089900000| Untracked 
| 154|0x0000000089a00000, 0x0000000089a00000, 0x0000000089b00000|  0%| F|  |TAMS 0x0000000089a00000| PB 0x0000000089a00000| Untracked 
| 155|0x0000000089b00000, 0x0000000089b00000, 0x0000000089c00000|  0%| F|  |TAMS 0x0000000089b00000| PB 0x0000000089b00000| Untracked 
| 156|0x0000000089c00000, 0x0000000089c00000, 0x0000000089d00000|  0%| F|  |TAMS 0x0000000089c00000| PB 0x0000000089c00000| Untracked 
| 157|0x0000000089d00000, 0x0000000089d00000, 0x0000000089e00000|  0%| F|  |TAMS 0x0000000089d00000| PB 0x0000000089d00000| Untracked 
| 158|0x0000000089e00000, 0x0000000089e00000, 0x0000000089f00000|  0%| F|  |TAMS 0x0000000089e00000| PB 0x0000000089e00000| Untracked 
| 159|0x0000000089f00000, 0x0000000089f00000, 0x000000008a000000|  0%| F|  |TAMS 0x0000000089f00000| PB 0x0000000089f00000| Untracked 
| 160|0x000000008a000000, 0x000000008a000000, 0x000000008a100000|  0%| F|  |TAMS 0x000000008a000000| PB 0x000000008a000000| Untracked 
| 161|0x000000008a100000, 0x000000008a100000, 0x000000008a200000|  0%| F|  |TAMS 0x000000008a100000| PB 0x000000008a100000| Untracked 
| 162|0x000000008a200000, 0x000000008a200000, 0x000000008a300000|  0%| F|  |TAMS 0x000000008a200000| PB 0x000000008a200000| Untracked 
| 163|0x000000008a300000, 0x000000008a300000, 0x000000008a400000|  0%| F|  |TAMS 0x000000008a300000| PB 0x000000008a300000| Untracked 
| 164|0x000000008a400000, 0x000000008a400000, 0x000000008a500000|  0%| F|  |TAMS 0x000000008a400000| PB 0x000000008a400000| Untracked 
| 165|0x000000008a500000, 0x000000008a500000, 0x000000008a600000|  0%| F|  |TAMS 0x000000008a500000| PB 0x000000008a500000| Untracked 
| 166|0x000000008a600000, 0x000000008a600000, 0x000000008a700000|  0%| F|  |TAMS 0x000000008a600000| PB 0x000000008a600000| Untracked 
| 167|0x000000008a700000, 0x000000008a700000, 0x000000008a800000|  0%| F|  |TAMS 0x000000008a700000| PB 0x000000008a700000| Untracked 
| 168|0x000000008a800000, 0x000000008a800000, 0x000000008a900000|  0%| F|  |TAMS 0x000000008a800000| PB 0x000000008a800000| Untracked 
| 169|0x000000008a900000, 0x000000008a900000, 0x000000008aa00000|  0%| F|  |TAMS 0x000000008a900000| PB 0x000000008a900000| Untracked 
| 170|0x000000008aa00000, 0x000000008aa00000, 0x000000008ab00000|  0%| F|  |TAMS 0x000000008aa00000| PB 0x000000008aa00000| Untracked 
| 171|0x000000008ab00000, 0x000000008ab00000, 0x000000008ac00000|  0%| F|  |TAMS 0x000000008ab00000| PB 0x000000008ab00000| Untracked 
| 172|0x000000008ac00000, 0x000000008ac00000, 0x000000008ad00000|  0%| F|  |TAMS 0x000000008ac00000| PB 0x000000008ac00000| Untracked 
| 173|0x000000008ad00000, 0x000000008ad00000, 0x000000008ae00000|  0%| F|  |TAMS 0x000000008ad00000| PB 0x000000008ad00000| Untracked 
| 174|0x000000008ae00000, 0x000000008ae00000, 0x000000008af00000|  0%| F|  |TAMS 0x000000008ae00000| PB 0x000000008ae00000| Untracked 
| 175|0x000000008af00000, 0x000000008af00000, 0x000000008b000000|  0%| F|  |TAMS 0x000000008af00000| PB 0x000000008af00000| Untracked 
| 176|0x000000008b000000, 0x000000008b000000, 0x000000008b100000|  0%| F|  |TAMS 0x000000008b000000| PB 0x000000008b000000| Untracked 
| 177|0x000000008b100000, 0x000000008b100000, 0x000000008b200000|  0%| F|  |TAMS 0x000000008b100000| PB 0x000000008b100000| Untracked 
| 178|0x000000008b200000, 0x000000008b200000, 0x000000008b300000|  0%| F|  |TAMS 0x000000008b200000| PB 0x000000008b200000| Untracked 
| 179|0x000000008b300000, 0x000000008b300000, 0x000000008b400000|  0%| F|  |TAMS 0x000000008b300000| PB 0x000000008b300000| Untracked 
| 180|0x000000008b400000, 0x000000008b400000, 0x000000008b500000|  0%| F|  |TAMS 0x000000008b400000| PB 0x000000008b400000| Untracked 
| 181|0x000000008b500000, 0x000000008b500000, 0x000000008b600000|  0%| F|  |TAMS 0x000000008b500000| PB 0x000000008b500000| Untracked 
| 182|0x000000008b600000, 0x000000008b700000, 0x000000008b700000|100%| E|  |TAMS 0x000000008b600000| PB 0x000000008b600000| Complete 
| 183|0x000000008b700000, 0x000000008b800000, 0x000000008b800000|100%| E|CS|TAMS 0x000000008b700000| PB 0x000000008b700000| Complete 
| 184|0x000000008b800000, 0x000000008b900000, 0x000000008b900000|100%| E|CS|TAMS 0x000000008b800000| PB 0x000000008b800000| Complete 
| 185|0x000000008b900000, 0x000000008ba00000, 0x000000008ba00000|100%| E|CS|TAMS 0x000000008b900000| PB 0x000000008b900000| Complete 
| 186|0x000000008ba00000, 0x000000008bb00000, 0x000000008bb00000|100%| E|CS|TAMS 0x000000008ba00000| PB 0x000000008ba00000| Complete 
| 187|0x000000008bb00000, 0x000000008bc00000, 0x000000008bc00000|100%| E|CS|TAMS 0x000000008bb00000| PB 0x000000008bb00000| Complete 
| 188|0x000000008bc00000, 0x000000008bd00000, 0x000000008bd00000|100%| E|CS|TAMS 0x000000008bc00000| PB 0x000000008bc00000| Complete 
| 189|0x000000008bd00000, 0x000000008be00000, 0x000000008be00000|100%| E|CS|TAMS 0x000000008bd00000| PB 0x000000008bd00000| Complete 
| 190|0x000000008be00000, 0x000000008bf00000, 0x000000008bf00000|100%| E|CS|TAMS 0x000000008be00000| PB 0x000000008be00000| Complete 
| 191|0x000000008bf00000, 0x000000008c000000, 0x000000008c000000|100%| E|CS|TAMS 0x000000008bf00000| PB 0x000000008bf00000| Complete 
| 192|0x000000008c000000, 0x000000008c0cbab0, 0x000000008c100000| 79%| S|CS|TAMS 0x000000008c000000| PB 0x000000008c000000| Complete 
| 193|0x000000008c100000, 0x000000008c200000, 0x000000008c200000|100%| S|CS|TAMS 0x000000008c100000| PB 0x000000008c100000| Complete 
| 194|0x000000008c200000, 0x000000008c300000, 0x000000008c300000|100%| S|CS|TAMS 0x000000008c200000| PB 0x000000008c200000| Complete 
| 195|0x000000008c300000, 0x000000008c400000, 0x000000008c400000|100%| S|CS|TAMS 0x000000008c300000| PB 0x000000008c300000| Complete 
| 196|0x000000008c400000, 0x000000008c500000, 0x000000008c500000|100%| S|CS|TAMS 0x000000008c400000| PB 0x000000008c400000| Complete 
| 197|0x000000008c500000, 0x000000008c600000, 0x000000008c600000|100%| S|CS|TAMS 0x000000008c500000| PB 0x000000008c500000| Complete 
| 198|0x000000008c600000, 0x000000008c700000, 0x000000008c700000|100%| E|CS|TAMS 0x000000008c600000| PB 0x000000008c600000| Complete 
| 199|0x000000008c700000, 0x000000008c800000, 0x000000008c800000|100%| E|CS|TAMS 0x000000008c700000| PB 0x000000008c700000| Complete 
| 200|0x000000008c800000, 0x000000008c900000, 0x000000008c900000|100%| E|CS|TAMS 0x000000008c800000| PB 0x000000008c800000| Complete 
| 201|0x000000008c900000, 0x000000008ca00000, 0x000000008ca00000|100%| E|CS|TAMS 0x000000008c900000| PB 0x000000008c900000| Complete 
| 202|0x000000008ca00000, 0x000000008cb00000, 0x000000008cb00000|100%| E|CS|TAMS 0x000000008ca00000| PB 0x000000008ca00000| Complete 
| 203|0x000000008cb00000, 0x000000008cc00000, 0x000000008cc00000|100%| E|CS|TAMS 0x000000008cb00000| PB 0x000000008cb00000| Complete 
| 204|0x000000008cc00000, 0x000000008cd00000, 0x000000008cd00000|100%| E|CS|TAMS 0x000000008cc00000| PB 0x000000008cc00000| Complete 
| 205|0x000000008cd00000, 0x000000008ce00000, 0x000000008ce00000|100%| E|CS|TAMS 0x000000008cd00000| PB 0x000000008cd00000| Complete 
| 206|0x000000008ce00000, 0x000000008cf00000, 0x000000008cf00000|100%| E|CS|TAMS 0x000000008ce00000| PB 0x000000008ce00000| Complete 
| 207|0x000000008cf00000, 0x000000008d000000, 0x000000008d000000|100%| E|CS|TAMS 0x000000008cf00000| PB 0x000000008cf00000| Complete 
| 208|0x000000008d000000, 0x000000008d100000, 0x000000008d100000|100%| E|CS|TAMS 0x000000008d000000| PB 0x000000008d000000| Complete 
| 209|0x000000008d100000, 0x000000008d200000, 0x000000008d200000|100%| E|CS|TAMS 0x000000008d100000| PB 0x000000008d100000| Complete 
| 210|0x000000008d200000, 0x000000008d300000, 0x000000008d300000|100%| E|CS|TAMS 0x000000008d200000| PB 0x000000008d200000| Complete 
| 211|0x000000008d300000, 0x000000008d400000, 0x000000008d400000|100%| E|CS|TAMS 0x000000008d300000| PB 0x000000008d300000| Complete 
| 212|0x000000008d400000, 0x000000008d500000, 0x000000008d500000|100%| E|CS|TAMS 0x000000008d400000| PB 0x000000008d400000| Complete 
| 213|0x000000008d500000, 0x000000008d600000, 0x000000008d600000|100%| E|CS|TAMS 0x000000008d500000| PB 0x000000008d500000| Complete 
| 214|0x000000008d600000, 0x000000008d700000, 0x000000008d700000|100%| E|CS|TAMS 0x000000008d600000| PB 0x000000008d600000| Complete 
| 215|0x000000008d700000, 0x000000008d800000, 0x000000008d800000|100%| E|CS|TAMS 0x000000008d700000| PB 0x000000008d700000| Complete 
| 216|0x000000008d800000, 0x000000008d900000, 0x000000008d900000|100%| E|CS|TAMS 0x000000008d800000| PB 0x000000008d800000| Complete 
| 217|0x000000008d900000, 0x000000008da00000, 0x000000008da00000|100%| E|CS|TAMS 0x000000008d900000| PB 0x000000008d900000| Complete 
| 218|0x000000008da00000, 0x000000008db00000, 0x000000008db00000|100%| E|CS|TAMS 0x000000008da00000| PB 0x000000008da00000| Complete 
| 219|0x000000008db00000, 0x000000008dc00000, 0x000000008dc00000|100%| E|CS|TAMS 0x000000008db00000| PB 0x000000008db00000| Complete 
| 220|0x000000008dc00000, 0x000000008dd00000, 0x000000008dd00000|100%| E|CS|TAMS 0x000000008dc00000| PB 0x000000008dc00000| Complete 
| 221|0x000000008dd00000, 0x000000008de00000, 0x000000008de00000|100%| E|CS|TAMS 0x000000008dd00000| PB 0x000000008dd00000| Complete 
| 222|0x000000008de00000, 0x000000008df00000, 0x000000008df00000|100%| E|CS|TAMS 0x000000008de00000| PB 0x000000008de00000| Complete 
| 223|0x000000008df00000, 0x000000008e000000, 0x000000008e000000|100%| E|CS|TAMS 0x000000008df00000| PB 0x000000008df00000| Complete 
| 224|0x000000008e000000, 0x000000008e100000, 0x000000008e100000|100%| E|CS|TAMS 0x000000008e000000| PB 0x000000008e000000| Complete 
| 225|0x000000008e100000, 0x000000008e200000, 0x000000008e200000|100%| E|CS|TAMS 0x000000008e100000| PB 0x000000008e100000| Complete 
| 226|0x000000008e200000, 0x000000008e300000, 0x000000008e300000|100%| E|CS|TAMS 0x000000008e200000| PB 0x000000008e200000| Complete 
| 227|0x000000008e300000, 0x000000008e400000, 0x000000008e400000|100%| E|CS|TAMS 0x000000008e300000| PB 0x000000008e300000| Complete 
| 228|0x000000008e400000, 0x000000008e500000, 0x000000008e500000|100%| E|CS|TAMS 0x000000008e400000| PB 0x000000008e400000| Complete 
| 229|0x000000008e500000, 0x000000008e600000, 0x000000008e600000|100%| E|CS|TAMS 0x000000008e500000| PB 0x000000008e500000| Complete 
| 230|0x000000008e600000, 0x000000008e700000, 0x000000008e700000|100%| E|CS|TAMS 0x000000008e600000| PB 0x000000008e600000| Complete 
| 231|0x000000008e700000, 0x000000008e800000, 0x000000008e800000|100%| E|CS|TAMS 0x000000008e700000| PB 0x000000008e700000| Complete 
| 232|0x000000008e800000, 0x000000008e900000, 0x000000008e900000|100%| E|CS|TAMS 0x000000008e800000| PB 0x000000008e800000| Complete 
| 233|0x000000008e900000, 0x000000008ea00000, 0x000000008ea00000|100%| E|CS|TAMS 0x000000008e900000| PB 0x000000008e900000| Complete 
| 234|0x000000008ea00000, 0x000000008eb00000, 0x000000008eb00000|100%| E|CS|TAMS 0x000000008ea00000| PB 0x000000008ea00000| Complete 
| 235|0x000000008eb00000, 0x000000008ec00000, 0x000000008ec00000|100%| E|CS|TAMS 0x000000008eb00000| PB 0x000000008eb00000| Complete 
| 236|0x000000008ec00000, 0x000000008ed00000, 0x000000008ed00000|100%| E|CS|TAMS 0x000000008ec00000| PB 0x000000008ec00000| Complete 
| 237|0x000000008ed00000, 0x000000008ee00000, 0x000000008ee00000|100%| E|CS|TAMS 0x000000008ed00000| PB 0x000000008ed00000| Complete 
| 238|0x000000008ee00000, 0x000000008ef00000, 0x000000008ef00000|100%| E|CS|TAMS 0x000000008ee00000| PB 0x000000008ee00000| Complete 
| 239|0x000000008ef00000, 0x000000008f000000, 0x000000008f000000|100%| E|CS|TAMS 0x000000008ef00000| PB 0x000000008ef00000| Complete 
| 240|0x000000008f000000, 0x000000008f100000, 0x000000008f100000|100%| E|CS|TAMS 0x000000008f000000| PB 0x000000008f000000| Complete 
| 241|0x000000008f100000, 0x000000008f200000, 0x000000008f200000|100%| E|CS|TAMS 0x000000008f100000| PB 0x000000008f100000| Complete 
| 242|0x000000008f200000, 0x000000008f300000, 0x000000008f300000|100%| E|CS|TAMS 0x000000008f200000| PB 0x000000008f200000| Complete 
| 243|0x000000008f300000, 0x000000008f400000, 0x000000008f400000|100%| E|CS|TAMS 0x000000008f300000| PB 0x000000008f300000| Complete 
| 244|0x000000008f400000, 0x000000008f500000, 0x000000008f500000|100%| E|CS|TAMS 0x000000008f400000| PB 0x000000008f400000| Complete 
| 245|0x000000008f500000, 0x000000008f600000, 0x000000008f600000|100%| E|CS|TAMS 0x000000008f500000| PB 0x000000008f500000| Complete 
| 246|0x000000008f600000, 0x000000008f700000, 0x000000008f700000|100%| E|CS|TAMS 0x000000008f600000| PB 0x000000008f600000| Complete 
| 247|0x000000008f700000, 0x000000008f800000, 0x000000008f800000|100%| E|CS|TAMS 0x000000008f700000| PB 0x000000008f700000| Complete 
| 248|0x000000008f800000, 0x000000008f900000, 0x000000008f900000|100%| E|CS|TAMS 0x000000008f800000| PB 0x000000008f800000| Complete 
| 249|0x000000008f900000, 0x000000008fa00000, 0x000000008fa00000|100%| E|CS|TAMS 0x000000008f900000| PB 0x000000008f900000| Complete 
| 250|0x000000008fa00000, 0x000000008fb00000, 0x000000008fb00000|100%| E|CS|TAMS 0x000000008fa00000| PB 0x000000008fa00000| Complete 
| 251|0x000000008fb00000, 0x000000008fc00000, 0x000000008fc00000|100%| E|CS|TAMS 0x000000008fb00000| PB 0x000000008fb00000| Complete 

Card table byte_map: [0x000001c8501d0000,0x000001c8505d0000] _byte_map_base: 0x000001c84fdd0000

Marking Bits: (CMBitMap*) 0x000001c83642e450
 Bits: [0x000001c8505d0000, 0x000001c8525d0000)

Polling page: 0x000001c8365b0000

Metaspace:

Usage:
  Non-class:     15.39 MB used.
      Class:      2.48 MB used.
       Both:     17.87 MB used.

Virtual space:
  Non-class space:       64.00 MB reserved,      15.69 MB ( 25%) committed,  1 nodes.
      Class space:      416.00 MB reserved,       2.75 MB ( <1%) committed,  1 nodes.
             Both:      480.00 MB reserved,      18.44 MB (  4%) committed. 

Chunk freelists:
   Non-Class:  15.44 MB
       Class:  13.30 MB
        Both:  28.73 MB

MaxMetaspaceSize: 512.00 MB
CompressedClassSpaceSize: 416.00 MB
Initial GC threshold: 21.00 MB
Current GC threshold: 21.00 MB
CDS: on
 - commit_granule_bytes: 65536.
 - commit_granule_words: 8192.
 - virtual_space_node_default_size: 8388608.
 - enlarge_chunks_in_place: 1.
 - use_allocation_guard: 0.


Internal statistics:

num_allocs_failed_limit: 0.
num_arena_births: 706.
num_arena_deaths: 0.
num_vsnodes_births: 2.
num_vsnodes_deaths: 0.
num_space_committed: 295.
num_space_uncommitted: 0.
num_chunks_returned_to_freelist: 0.
num_chunks_taken_from_freelist: 1389.
num_chunk_merges: 0.
num_chunk_splits: 889.
num_chunks_enlarged: 603.
num_inconsistent_stats: 0.

CodeHeap 'non-profiled nmethods': size=120000Kb used=1488Kb max_used=1488Kb free=118511Kb
 bounds [0x000001c847e30000, 0x000001c8480a0000, 0x000001c84f360000]
CodeHeap 'profiled nmethods': size=120000Kb used=5666Kb max_used=5666Kb free=114333Kb
 bounds [0x000001c840360000, 0x000001c8408f0000, 0x000001c847890000]
CodeHeap 'non-nmethods': size=5760Kb used=1672Kb max_used=1723Kb free=4087Kb
 bounds [0x000001c847890000, 0x000001c847b00000, 0x000001c847e30000]
 total_blobs=3455 nmethods=2879 adapters=480
 compilation: enabled
              stopped_count=0, restarted_count=0
 full_count=0

Compilation events (20 events):
Event: 5.346 Thread 0x000001c85503d7d0 nmethod 2859 0x000001c8408df790 code [0x000001c8408df920, 0x000001c8408dfa18]
Event: 5.349 Thread 0x000001c85503d7d0 2861       3       java.lang.invoke.LambdaFormBuffer::insertParameter (30 bytes)
Event: 5.349 Thread 0x000001c85503d7d0 nmethod 2861 0x000001c8408dfa90 code [0x000001c8408dfc40, 0x000001c8408dfd98]
Event: 5.350 Thread 0x000001c85503d7d0 2863       3       java.lang.invoke.LambdaForm::create (14 bytes)
Event: 5.351 Thread 0x000001c85503d7d0 nmethod 2863 0x000001c8408dfe90 code [0x000001c8408e0040, 0x000001c8408e0170]
Event: 5.352 Thread 0x000001c85503d7d0 2864       3       java.lang.invoke.LambdaFormBuffer::nameArray (15 bytes)
Event: 5.353 Thread 0x000001c85503d7d0 nmethod 2864 0x000001c8408e0210 code [0x000001c8408e03c0, 0x000001c8408e0690]
Event: 5.353 Thread 0x000001c85503d7d0 2865       3       java.lang.invoke.LambdaFormBuffer::resultIndex (41 bytes)
Event: 5.354 Thread 0x000001c85503d7d0 nmethod 2865 0x000001c8408e0790 code [0x000001c8408e0940, 0x000001c8408e0c10]
Event: 5.366 Thread 0x000001c85503d7d0 2866       3       org.gradle.internal.service.DefaultServiceRegistry$OwnServices::add (82 bytes)
Event: 5.369 Thread 0x000001c85503d7d0 nmethod 2866 0x000001c8408e0d10 code [0x000001c8408e0f80, 0x000001c8408e19d8]
Event: 5.369 Thread 0x000001c85503d7d0 2867       3       org.gradle.internal.service.DefaultServiceRegistry::access$1300 (5 bytes)
Event: 5.370 Thread 0x000001c85503d7d0 nmethod 2867 0x000001c8408e1d90 code [0x000001c8408e1f40, 0x000001c8408e2060]
Event: 5.373 Thread 0x000001c85503d7d0 2868       3       jdk.internal.reflect.ReflectionFactory::copyConstructor (11 bytes)
Event: 5.374 Thread 0x000001c85503d7d0 nmethod 2868 0x000001c8408e2110 code [0x000001c8408e22c0, 0x000001c8408e24b8]
Event: 5.374 Thread 0x000001c85503d7d0 2869       3       java.lang.reflect.ReflectAccess::copyConstructor (5 bytes)
Event: 5.374 Thread 0x000001c85503d7d0 nmethod 2869 0x000001c8408e2610 code [0x000001c8408e27c0, 0x000001c8408e2900]
Event: 5.379 Thread 0x000001c85503d7d0 2870       3       java.lang.Class::privateGetDeclaredConstructors (79 bytes)
Event: 5.381 Thread 0x000001c85503d7d0 nmethod 2870 0x000001c8408e2a10 code [0x000001c8408e2c00, 0x000001c8408e3120]
Event: 6.383 Thread 0x000001c85503d7d0 2871       3       java.util.concurrent.locks.AbstractQueuedSynchronizer$Node::<init> (5 bytes)

GC Heap History (6 events):
Event: 0.545 GC heap before
{Heap before GC invocations=0 (full 0):
 garbage-first heap   total 258048K, used 22528K [0x0000000080000000, 0x0000000100000000)
  region size 1024K, 23 young (23552K), 0 survivors (0K)
 Metaspace       used 1082K, committed 1216K, reserved 491520K
  class space    used 77K, committed 128K, reserved 425984K
}
Event: 0.548 GC heap after
{Heap after GC invocations=1 (full 0):
 garbage-first heap   total 258048K, used 2517K [0x0000000080000000, 0x0000000100000000)
  region size 1024K, 3 young (3072K), 3 survivors (3072K)
 Metaspace       used 1082K, committed 1216K, reserved 491520K
  class space    used 77K, committed 128K, reserved 425984K
}
Event: 1.314 GC heap before
{Heap before GC invocations=1 (full 0):
 garbage-first heap   total 258048K, used 41429K [0x0000000080000000, 0x0000000100000000)
  region size 1024K, 39 young (39936K), 3 survivors (3072K)
 Metaspace       used 4402K, committed 4544K, reserved 491520K
  class space    used 543K, committed 640K, reserved 425984K
}
Event: 1.318 GC heap after
{Heap after GC invocations=2 (full 0):
 garbage-first heap   total 258048K, used 10856K [0x0000000080000000, 0x0000000100000000)
  region size 1024K, 5 young (5120K), 5 survivors (5120K)
 Metaspace       used 4402K, committed 4544K, reserved 491520K
  class space    used 543K, committed 640K, reserved 425984K
}
Event: 2.391 GC heap before
{Heap before GC invocations=2 (full 0):
 garbage-first heap   total 258048K, used 62056K [0x0000000080000000, 0x0000000100000000)
  region size 1024K, 54 young (55296K), 5 survivors (5120K)
 Metaspace       used 6763K, committed 7040K, reserved 491520K
  class space    used 881K, committed 1024K, reserved 425984K
}
Event: 2.396 GC heap after
{Heap after GC invocations=3 (full 0):
 garbage-first heap   total 258048K, used 18078K [0x0000000080000000, 0x0000000100000000)
  region size 1024K, 6 young (6144K), 6 survivors (6144K)
 Metaspace       used 6763K, committed 7040K, reserved 491520K
  class space    used 881K, committed 1024K, reserved 425984K
}

Dll operation events (15 events):
Event: 0.016 Loaded shared library C:\Program Files\Java\jdk-21\bin\java.dll
Event: 0.051 Loaded shared library C:\Program Files\Java\jdk-21\bin\jsvml.dll
Event: 0.100 Loaded shared library C:\Program Files\Java\jdk-21\bin\zip.dll
Event: 0.104 Loaded shared library C:\Program Files\Java\jdk-21\bin\instrument.dll
Event: 0.108 Loaded shared library C:\Program Files\Java\jdk-21\bin\net.dll
Event: 0.110 Loaded shared library C:\Program Files\Java\jdk-21\bin\nio.dll
Event: 0.113 Loaded shared library C:\Program Files\Java\jdk-21\bin\zip.dll
Event: 0.454 Loaded shared library C:\Program Files\Java\jdk-21\bin\jimage.dll
Event: 0.683 Loaded shared library C:\Program Files\Java\jdk-21\bin\verify.dll
Event: 0.802 Loaded shared library C:\Users\Nasko\.gradle\native\1def1411415f61bf3af743bc5b6707747c0891f09f0c88961ee8f79bc544acac\windows-amd64\native-platform.dll
Event: 0.821 Loaded shared library C:\Users\Nasko\.gradle\native\0.2.7\x86_64-windows-gnu\gradle-fileevents.dll
Event: 2.338 Loaded shared library C:\Program Files\Java\jdk-21\bin\management.dll
Event: 2.341 Loaded shared library C:\Program Files\Java\jdk-21\bin\management_ext.dll
Event: 2.510 Loaded shared library C:\Program Files\Java\jdk-21\bin\extnet.dll
Event: 2.738 Loaded shared library C:\Program Files\Java\jdk-21\bin\sunmscapi.dll

Deoptimization events (20 events):
Event: 3.136 Thread 0x000001c8762ea020 DEOPT PACKING pc=0x000001c847ea35fc sp=0x00000059421fc420
Event: 3.136 Thread 0x000001c8762ea020 DEOPT UNPACKING pc=0x000001c8478e7da2 sp=0x00000059421fc3a0 mode 2
Event: 3.150 Thread 0x000001c8762ea020 Uncommon trap: trap_request=0xffffff45 fr.pc=0x000001c847ed1430 relative=0x0000000000000270
Event: 3.150 Thread 0x000001c8762ea020 Uncommon trap: reason=unstable_if action=reinterpret pc=0x000001c847ed1430 method=java.util.concurrent.ConcurrentHashMap.get(Ljava/lang/Object;)Ljava/lang/Object; @ 76 c2
Event: 3.150 Thread 0x000001c8762ea020 DEOPT PACKING pc=0x000001c847ed1430 sp=0x00000059421fb950
Event: 3.150 Thread 0x000001c8762ea020 DEOPT UNPACKING pc=0x000001c8478e7da2 sp=0x00000059421fb8b8 mode 2
Event: 3.847 Thread 0x000001c8762ea020 DEOPT PACKING pc=0x000001c84044a53f sp=0x00000059421fa6a0
Event: 3.847 Thread 0x000001c8762ea020 DEOPT UNPACKING pc=0x000001c8478e88e2 sp=0x00000059421f9b38 mode 0
Event: 4.022 Thread 0x000001c8762ea020 Uncommon trap: trap_request=0xffffff45 fr.pc=0x000001c847e58abc relative=0x0000000000000e3c
Event: 4.022 Thread 0x000001c8762ea020 Uncommon trap: reason=unstable_if action=reinterpret pc=0x000001c847e58abc method=java.io.WinNTFileSystem.resolve(Ljava/lang/String;Ljava/lang/String;)Ljava/lang/String; @ 19 c2
Event: 4.022 Thread 0x000001c8762ea020 DEOPT PACKING pc=0x000001c847e58abc sp=0x00000059421fb020
Event: 4.022 Thread 0x000001c8762ea020 DEOPT UNPACKING pc=0x000001c8478e7da2 sp=0x00000059421fafb8 mode 2
Event: 4.028 Thread 0x000001c8762ea020 Uncommon trap: trap_request=0xffffff45 fr.pc=0x000001c847ed5574 relative=0x0000000000000694
Event: 4.028 Thread 0x000001c8762ea020 Uncommon trap: reason=unstable_if action=reinterpret pc=0x000001c847ed5574 method=java.io.File.getName()Ljava/lang/String; @ 16 c2
Event: 4.028 Thread 0x000001c8762ea020 DEOPT PACKING pc=0x000001c847ed5574 sp=0x00000059421fafe0
Event: 4.028 Thread 0x000001c8762ea020 DEOPT UNPACKING pc=0x000001c8478e7da2 sp=0x00000059421fafb0 mode 2
Event: 4.269 Thread 0x000001c8762ea020 Uncommon trap: trap_request=0xffffff45 fr.pc=0x000001c847e5cb14 relative=0x00000000000000f4
Event: 4.269 Thread 0x000001c8762ea020 Uncommon trap: reason=unstable_if action=reinterpret pc=0x000001c847e5cb14 method=java.util.HashMap.hash(Ljava/lang/Object;)I @ 1 c2
Event: 4.269 Thread 0x000001c8762ea020 DEOPT PACKING pc=0x000001c847e5cb14 sp=0x00000059421fc0e0
Event: 4.269 Thread 0x000001c8762ea020 DEOPT UNPACKING pc=0x000001c8478e7da2 sp=0x00000059421fc020 mode 2

Classes loaded (20 events):
Event: 4.593 Loading class java/lang/invoke/BoundMethodHandle$Species_LLLLLLLLLLLLLLLLLL
Event: 4.593 Loading class java/lang/invoke/BoundMethodHandle$Species_LLLLLLLLLLLLLLLLLL done
Event: 4.599 Loading class java/lang/invoke/BoundMethodHandle$Species_LLLLLLLLLLLLLLLLLLL
Event: 4.599 Loading class java/lang/invoke/BoundMethodHandle$Species_LLLLLLLLLLLLLLLLLLL done
Event: 4.604 Loading class java/lang/invoke/BoundMethodHandle$Species_LLLLLLLLLLLLLLLLLLLL
Event: 4.604 Loading class java/lang/invoke/BoundMethodHandle$Species_LLLLLLLLLLLLLLLLLLLL done
Event: 4.609 Loading class java/lang/invoke/BoundMethodHandle$Species_LLLLLLLLLLLLLLLLLLLLL
Event: 4.609 Loading class java/lang/invoke/BoundMethodHandle$Species_LLLLLLLLLLLLLLLLLLLLL done
Event: 4.613 Loading class java/lang/invoke/BoundMethodHandle$Species_LLLLLLLLLLLLLLLLLLLLLL
Event: 4.613 Loading class java/lang/invoke/BoundMethodHandle$Species_LLLLLLLLLLLLLLLLLLLLLL done
Event: 4.618 Loading class java/lang/invoke/BoundMethodHandle$Species_LLLLLLLLLLLLLLLLLLLLLLL
Event: 4.618 Loading class java/lang/invoke/BoundMethodHandle$Species_LLLLLLLLLLLLLLLLLLLLLLL done
Event: 4.623 Loading class java/lang/invoke/BoundMethodHandle$Species_LLLLLLLLLLLLLLLLLLLLLLLL
Event: 4.623 Loading class java/lang/invoke/BoundMethodHandle$Species_LLLLLLLLLLLLLLLLLLLLLLLL done
Event: 5.027 Loading class java/util/function/LongFunction
Event: 5.028 Loading class java/util/function/LongFunction done
Event: 5.242 Loading class java/security/InvalidKeyException
Event: 5.243 Loading class java/security/KeyException
Event: 5.244 Loading class java/security/KeyException done
Event: 5.244 Loading class java/security/InvalidKeyException done

Classes unloaded (0 events):
No events

Classes redefined (0 events):
No events

Internal exceptions (20 events):
Event: 3.771 Thread 0x000001c8762ea020 Exception <a 'java/lang/NoSuchMethodError'{0x000000008d5e38d0}: 'java.lang.Object java.lang.invoke.DirectMethodHandle$Holder.newInvokeSpecial(java.lang.Object, java.lang.Object, int)'> (0x000000008d5e38d0) 
thrown [s\open\src\hotspot\share\interpreter\linkResolver.cpp, line 773]
Event: 3.959 Thread 0x000001c8762ea020 Exception <a 'java/lang/NoSuchMethodError'{0x000000008d1e19c8}: 'java.lang.Object java.lang.invoke.DirectMethodHandle$Holder.invokeVirtual(java.lang.Object, java.lang.Object, java.lang.Object, java.lang.Object, java.lang.Object, java.lang.Object, java.lang.Object, java.lang.Object)'> (0x000000008d1e19c8) 
thrown [s\open\src\hotspot\share\interpreter\linkResolver.cpp, line 773]
Event: 4.009 Thread 0x000001c8762ea020 Exception <a 'java/lang/NoSuchMethodError'{0x000000008d084980}: 'java.lang.Object java.lang.invoke.DirectMethodHandle$Holder.invokeVirtual(java.lang.Object, java.lang.Object, java.lang.Object, java.lang.Object, java.lang.Object, java.lang.Object, java.lang.Object, java.lang.Object, java.lang.Object, java.lang.Object)'> (0x000000008d084980) 
thrown [s\open\src\hotspot\share\interpreter\linkResolver.cpp, line 773]
Event: 4.085 Thread 0x000001c8762ea020 Exception <a 'java/lang/NoSuchMethodError'{0x000000008cf70df8}: 'java.lang.Object java.lang.invoke.DirectMethodHandle$Holder.invokeInterface(java.lang.Object, java.lang.Object, java.lang.Object)'> (0x000000008cf70df8) 
thrown [s\open\src\hotspot\share\interpreter\linkResolver.cpp, line 773]
Event: 4.134 Thread 0x000001c8762ea020 Exception <a 'java/lang/NoSuchMethodError'{0x000000008ce708c0}: 'int java.lang.invoke.DirectMethodHandle$Holder.invokeSpecialIFC(java.lang.Object, java.lang.Object, java.lang.Object, java.lang.Object)'> (0x000000008ce708c0) 
thrown [s\open\src\hotspot\share\interpreter\linkResolver.cpp, line 773]
Event: 4.137 Thread 0x000001c8762ea020 Exception <a 'java/lang/IncompatibleClassChangeError'{0x000000008ce7dba8}: Found class java.lang.Object, but interface was expected> (0x000000008ce7dba8) 
thrown [s\open\src\hotspot\share\interpreter\linkResolver.cpp, line 840]
Event: 4.269 Thread 0x000001c8762ea020 Implicit null exception at 0x000001c847e5ca66 to 0x000001c847e5cb0a
Event: 4.382 Thread 0x000001c8762ea020 Exception <a 'java/lang/NoSuchMethodError'{0x000000008cc77b40}: 'int java.lang.invoke.DirectMethodHandle$Holder.invokeStatic(java.lang.Object, java.lang.Object, java.lang.Object, java.lang.Object)'> (0x000000008cc77b40) 
thrown [s\open\src\hotspot\share\interpreter\linkResolver.cpp, line 773]
Event: 4.558 Thread 0x000001c8762ea020 Exception <a 'java/lang/NoSuchMethodError'{0x000000008caeb2b0}: 'java.lang.Object java.lang.invoke.DelegatingMethodHandle$Holder.reinvoke_L(java.lang.Object, java.lang.Object, java.lang.Object, java.lang.Object, java.lang.Object, java.lang.Object, java.lang.Object, java.lang.Object, java.lang.Object, java.lang.Object, java.lang.Object, java.lang.Object, java.lang.Object, java.lang.Object, java.lang.Object, java.lang.Object, java.lang.Object, java.lang.Object, java.lang.Object, java.lang.Object, java.lang.O
Event: 4.573 Thread 0x000001c8762ea020 Exception <a 'java/lang/NoSuchMethodError'{0x000000008c9591f0}: 'java.lang.Object java.lang.invoke.DirectMethodHandle$Holder.invokeStatic(java.lang.Object, java.lang.Object, java.lang.Object, java.lang.Object, java.lang.Object, java.lang.Object, java.lang.Object, java.lang.Object, java.lang.Object, java.lang.Object, java.lang.Object, java.lang.Object, java.lang.Object, java.lang.Object, java.lang.Object, java.lang.Object, java.lang.Object)'> (0x000000008c9591f0) 
thrown [s\open\src\hotspot\share\interprete
Event: 4.579 Thread 0x000001c8762ea020 Exception <a 'java/lang/NoSuchMethodError'{0x000000008c982a10}: 'java.lang.Object java.lang.invoke.DirectMethodHandle$Holder.invokeStatic(java.lang.Object, java.lang.Object, java.lang.Object, java.lang.Object, java.lang.Object, java.lang.Object, java.lang.Object, java.lang.Object, java.lang.Object, java.lang.Object, java.lang.Object, java.lang.Object, java.lang.Object, java.lang.Object, java.lang.Object, java.lang.Object, java.lang.Object, java.lang.Object)'> (0x000000008c982a10) 
thrown [s\open\src\hotspo
Event: 4.585 Thread 0x000001c8762ea020 Exception <a 'java/lang/NoSuchMethodError'{0x000000008c9ac6a0}: 'java.lang.Object java.lang.invoke.DirectMethodHandle$Holder.invokeStatic(java.lang.Object, java.lang.Object, java.lang.Object, java.lang.Object, java.lang.Object, java.lang.Object, java.lang.Object, java.lang.Object, java.lang.Object, java.lang.Object, java.lang.Object, java.lang.Object, java.lang.Object, java.lang.Object, java.lang.Object, java.lang.Object, java.lang.Object, java.lang.Object, java.lang.Object)'> (0x000000008c9ac6a0) 
thrown 
Event: 4.591 Thread 0x000001c8762ea020 Exception <a 'java/lang/NoSuchMethodError'{0x000000008c9d7748}: 'java.lang.Object java.lang.invoke.DirectMethodHandle$Holder.invokeStatic(java.lang.Object, java.lang.Object, java.lang.Object, java.lang.Object, java.lang.Object, java.lang.Object, java.lang.Object, java.lang.Object, java.lang.Object, java.lang.Object, java.lang.Object, java.lang.Object, java.lang.Object, java.lang.Object, java.lang.Object, java.lang.Object, java.lang.Object, java.lang.Object, java.lang.Object, java.lang.Object)'> (0x00000000
Event: 4.595 Thread 0x000001c8762ea020 Exception <a 'java/lang/NoSuchMethodError'{0x000000008c803ed8}: 'java.lang.Object java.lang.invoke.DirectMethodHandle$Holder.invokeStatic(java.lang.Object, java.lang.Object, java.lang.Object, java.lang.Object, java.lang.Object, java.lang.Object, java.lang.Object, java.lang.Object, java.lang.Object, java.lang.Object, java.lang.Object, java.lang.Object, java.lang.Object, java.lang.Object, java.lang.Object, java.lang.Object, java.lang.Object, java.lang.Object, java.lang.Object, java.lang.Object, java.lang.Obj
Event: 4.602 Thread 0x000001c8762ea020 Exception <a 'java/lang/NoSuchMethodError'{0x000000008c831340}: 'java.lang.Object java.lang.invoke.DirectMethodHandle$Holder.invokeStatic(java.lang.Object, java.lang.Object, java.lang.Object, java.lang.Object, java.lang.Object, java.lang.Object, java.lang.Object, java.lang.Object, java.lang.Object, java.lang.Object, java.lang.Object, java.lang.Object, java.lang.Object, java.lang.Object, java.lang.Object, java.lang.Object, java.lang.Object, java.lang.Object, java.lang.Object, java.lang.Object, java.lang.Obj
Event: 4.607 Thread 0x000001c8762ea020 Exception <a 'java/lang/NoSuchMethodError'{0x000000008c85f828}: 'java.lang.Object java.lang.invoke.DirectMethodHandle$Holder.invokeStatic(java.lang.Object, java.lang.Object, java.lang.Object, java.lang.Object, java.lang.Object, java.lang.Object, java.lang.Object, java.lang.Object, java.lang.Object, java.lang.Object, java.lang.Object, java.lang.Object, java.lang.Object, java.lang.Object, java.lang.Object, java.lang.Object, java.lang.Object, java.lang.Object, java.lang.Object, java.lang.Object, java.lang.Obj
Event: 4.611 Thread 0x000001c8762ea020 Exception <a 'java/lang/NoSuchMethodError'{0x000000008c88eb40}: 'java.lang.Object java.lang.invoke.DirectMethodHandle$Holder.invokeStatic(java.lang.Object, java.lang.Object, java.lang.Object, java.lang.Object, java.lang.Object, java.lang.Object, java.lang.Object, java.lang.Object, java.lang.Object, java.lang.Object, java.lang.Object, java.lang.Object, java.lang.Object, java.lang.Object, java.lang.Object, java.lang.Object, java.lang.Object, java.lang.Object, java.lang.Object, java.lang.Object, java.lang.Obj
Event: 4.615 Thread 0x000001c8762ea020 Exception <a 'java/lang/NoSuchMethodError'{0x000000008c8bec70}: 'java.lang.Object java.lang.invoke.DirectMethodHandle$Holder.invokeStatic(java.lang.Object, java.lang.Object, java.lang.Object, java.lang.Object, java.lang.Object, java.lang.Object, java.lang.Object, java.lang.Object, java.lang.Object, java.lang.Object, java.lang.Object, java.lang.Object, java.lang.Object, java.lang.Object, java.lang.Object, java.lang.Object, java.lang.Object, java.lang.Object, java.lang.Object, java.lang.Object, java.lang.Obj
Event: 4.621 Thread 0x000001c8762ea020 Exception <a 'java/lang/NoSuchMethodError'{0x000000008c8ef4d8}: 'java.lang.Object java.lang.invoke.DirectMethodHandle$Holder.invokeStatic(java.lang.Object, java.lang.Object, java.lang.Object, java.lang.Object, java.lang.Object, java.lang.Object, java.lang.Object, java.lang.Object, java.lang.Object, java.lang.Object, java.lang.Object, java.lang.Object, java.lang.Object, java.lang.Object, java.lang.Object, java.lang.Object, java.lang.Object, java.lang.Object, java.lang.Object, java.lang.Object, java.lang.Obj
Event: 4.626 Thread 0x000001c8762ea020 Exception <a 'java/lang/NoSuchMethodError'{0x000000008c721d70}: 'java.lang.Object java.lang.invoke.DirectMethodHandle$Holder.invokeStatic(java.lang.Object, java.lang.Object, java.lang.Object, java.lang.Object, java.lang.Object, java.lang.Object, java.lang.Object, java.lang.Object, java.lang.Object, java.lang.Object, java.lang.Object, java.lang.Object, java.lang.Object, java.lang.Object, java.lang.Object, java.lang.Object, java.lang.Object, java.lang.Object, java.lang.Object, java.lang.Object, java.lang.Obj

ZGC Phase Switch (0 events):
No events

VM Operations (20 events):
Event: 2.526 Executing VM operation: HandshakeAllThreads (Deoptimize)
Event: 2.526 Executing VM operation: HandshakeAllThreads (Deoptimize) done
Event: 2.558 Executing VM operation: HandshakeAllThreads (Deoptimize)
Event: 2.558 Executing VM operation: HandshakeAllThreads (Deoptimize) done
Event: 2.606 Executing VM operation: HandshakeAllThreads (Deoptimize)
Event: 2.606 Executing VM operation: HandshakeAllThreads (Deoptimize) done
Event: 2.747 Executing VM operation: HandshakeAllThreads (Deoptimize)
Event: 2.747 Executing VM operation: HandshakeAllThreads (Deoptimize) done
Event: 3.172 Executing VM operation: ICBufferFull
Event: 3.172 Executing VM operation: ICBufferFull done
Event: 3.767 Executing VM operation: HandshakeAllThreads (Deoptimize)
Event: 3.767 Executing VM operation: HandshakeAllThreads (Deoptimize) done
Event: 4.655 Executing VM operation: HandshakeAllThreads (Deoptimize)
Event: 4.655 Executing VM operation: HandshakeAllThreads (Deoptimize) done
Event: 4.655 Executing VM operation: Cleanup
Event: 4.655 Executing VM operation: Cleanup done
Event: 4.656 Executing VM operation: HandshakeAllThreads (Deoptimize)
Event: 4.657 Executing VM operation: HandshakeAllThreads (Deoptimize) done
Event: 5.664 Executing VM operation: Cleanup
Event: 5.664 Executing VM operation: Cleanup done

Events (20 events):
Event: 0.048 Thread 0x000001c85503d7d0 Thread added: 0x000001c85503d7d0
Event: 0.073 Thread 0x000001c8551804a0 Thread added: 0x000001c8551804a0
Event: 0.133 Thread 0x000001c855381f40 Thread added: 0x000001c855381f40
Event: 0.213 Thread 0x000001c8553a0630 Thread added: 0x000001c8553a0630
Event: 0.452 Thread 0x000001c855778690 Thread added: 0x000001c855778690
Event: 1.605 Thread 0x000001c855778690 Thread exited: 0x000001c855778690
Event: 2.385 Thread 0x000001c875f37080 Thread added: 0x000001c875f37080
Event: 2.631 Thread 0x000001c875fc38a0 Thread added: 0x000001c875fc38a0
Event: 2.718 Thread 0x000001c875525730 Thread added: 0x000001c875525730
Event: 2.793 Thread 0x000001c8761aaf60 Thread added: 0x000001c8761aaf60
Event: 2.797 Thread 0x000001c8761ab5c0 Thread added: 0x000001c8761ab5c0
Event: 2.858 Thread 0x000001c87605ac90 Thread added: 0x000001c87605ac90
Event: 2.869 Thread 0x000001c8762ea020 Thread added: 0x000001c8762ea020
Event: 2.885 Thread 0x000001c876047700 Thread added: 0x000001c876047700
Event: 2.891 Thread 0x000001c8762aa520 Thread added: 0x000001c8762aa520
Event: 2.894 Thread 0x000001c8762abf60 Thread added: 0x000001c8762abf60
Event: 3.768 Thread 0x000001c8762aabb0 Thread added: 0x000001c8762aabb0
Event: 3.797 Thread 0x000001c8762ad310 Thread added: 0x000001c8762ad310
Event: 3.887 Thread 0x000001c8762acc80 Thread added: 0x000001c8762acc80
Event: 4.629 Thread 0x000001c8760508a0 Thread added: 0x000001c8760508a0


Dynamic libraries:
0x00007ff68c0c0000 - 0x00007ff68c0d0000 	C:\Program Files\Java\jdk-21\bin\java.exe
0x00007ffbfa7c0000 - 0x00007ffbfaa26000 	C:\WINDOWS\SYSTEM32\ntdll.dll
0x00007ffbf94c0000 - 0x00007ffbf9589000 	C:\WINDOWS\System32\KERNEL32.DLL
0x00007ffbf8070000 - 0x00007ffbf843c000 	C:\WINDOWS\System32\KERNELBASE.dll
0x00007ffbf7cd0000 - 0x00007ffbf7e1b000 	C:\WINDOWS\System32\ucrtbase.dll
0x00007ffbc8920000 - 0x00007ffbc893b000 	C:\Program Files\Java\jdk-21\bin\VCRUNTIME140.dll
0x00007ffbdaee0000 - 0x00007ffbdaef9000 	C:\Program Files\Java\jdk-21\bin\jli.dll
0x00007ffbf9b00000 - 0x00007ffbf9bb2000 	C:\WINDOWS\System32\ADVAPI32.dll
0x00007ffbf99b0000 - 0x00007ffbf9a59000 	C:\WINDOWS\System32\msvcrt.dll
0x00007ffbf8ee0000 - 0x00007ffbf8f86000 	C:\WINDOWS\System32\sechost.dll
0x00007ffbf8dc0000 - 0x00007ffbf8ed6000 	C:\WINDOWS\System32\RPCRT4.dll
0x00007ffbf97b0000 - 0x00007ffbf997a000 	C:\WINDOWS\System32\USER32.dll
0x00007ffbe1750000 - 0x00007ffbe19ea000 	C:\WINDOWS\WinSxS\amd64_microsoft.windows.common-controls_6595b64144ccf1df_6.0.26100.3912_none_3e07963ce335137e\COMCTL32.dll
0x00007ffbf7ec0000 - 0x00007ffbf7ee7000 	C:\WINDOWS\System32\win32u.dll
0x00007ffbf9980000 - 0x00007ffbf99ab000 	C:\WINDOWS\System32\GDI32.dll
0x00007ffbf7950000 - 0x00007ffbf7a82000 	C:\WINDOWS\System32\gdi32full.dll
0x00007ffbe6c40000 - 0x00007ffbe6c4b000 	C:\WINDOWS\SYSTEM32\VERSION.dll
0x00007ffbf84d0000 - 0x00007ffbf8573000 	C:\WINDOWS\System32\msvcp_win.dll
0x00007ffbf8d70000 - 0x00007ffbf8da0000 	C:\WINDOWS\System32\IMM32.DLL
0x00007ffbe0220000 - 0x00007ffbe022c000 	C:\Program Files\Java\jdk-21\bin\vcruntime140_1.dll
0x00007ffb86db0000 - 0x00007ffb86e3e000 	C:\Program Files\Java\jdk-21\bin\msvcp140.dll
0x00007ffb45450000 - 0x00007ffb46168000 	C:\Program Files\Java\jdk-21\bin\server\jvm.dll
0x00007ffbf9a80000 - 0x00007ffbf9af4000 	C:\WINDOWS\System32\WS2_32.dll
0x00007ffbf77a0000 - 0x00007ffbf77fe000 	C:\WINDOWS\SYSTEM32\POWRPROF.dll
0x00007ffbe0980000 - 0x00007ffbe09b6000 	C:\WINDOWS\SYSTEM32\WINMM.dll
0x00007ffbf7780000 - 0x00007ffbf7794000 	C:\WINDOWS\SYSTEM32\UMPDC.dll
0x00007ffbf6710000 - 0x00007ffbf672a000 	C:\WINDOWS\SYSTEM32\kernel.appcore.dll
0x00007ffbdfa30000 - 0x00007ffbdfa3a000 	C:\Program Files\Java\jdk-21\bin\jimage.dll
0x00007ffbf25e0000 - 0x00007ffbf2821000 	C:\WINDOWS\SYSTEM32\DBGHELP.DLL
0x00007ffbf8860000 - 0x00007ffbf8be4000 	C:\WINDOWS\System32\combase.dll
0x00007ffbf93d0000 - 0x00007ffbf94b0000 	C:\WINDOWS\System32\OLEAUT32.dll
0x00007ffbd5f50000 - 0x00007ffbd5f89000 	C:\WINDOWS\SYSTEM32\dbgcore.DLL
0x00007ffbf7e20000 - 0x00007ffbf7eb9000 	C:\WINDOWS\System32\bcryptPrimitives.dll
0x00007ffbde300000 - 0x00007ffbde30f000 	C:\Program Files\Java\jdk-21\bin\instrument.dll
0x00007ffbb5aa0000 - 0x00007ffbb5abf000 	C:\Program Files\Java\jdk-21\bin\java.dll
0x00007ffbf9bc0000 - 0x00007ffbfa2ed000 	C:\WINDOWS\System32\SHELL32.dll
0x00007ffbf7ef0000 - 0x00007ffbf8064000 	C:\WINDOWS\System32\wintypes.dll
0x00007ffbf5590000 - 0x00007ffbf5de6000 	C:\WINDOWS\SYSTEM32\windows.storage.dll
0x00007ffbf8c70000 - 0x00007ffbf8d5f000 	C:\WINDOWS\System32\SHCORE.dll
0x00007ffbf8680000 - 0x00007ffbf86e9000 	C:\WINDOWS\System32\shlwapi.dll
0x00007ffbf7860000 - 0x00007ffbf788f000 	C:\WINDOWS\SYSTEM32\profapi.dll
0x00007ffb80e80000 - 0x00007ffb80f57000 	C:\Program Files\Java\jdk-21\bin\jsvml.dll
0x00007ffbb4140000 - 0x00007ffbb4158000 	C:\Program Files\Java\jdk-21\bin\zip.dll
0x00007ffbdf1d0000 - 0x00007ffbdf1e0000 	C:\Program Files\Java\jdk-21\bin\net.dll
0x00007ffbe9af0000 - 0x00007ffbe9c0e000 	C:\WINDOWS\SYSTEM32\WINHTTP.dll
0x00007ffbf6c80000 - 0x00007ffbf6cea000 	C:\WINDOWS\system32\mswsock.dll
0x00007ffbb4160000 - 0x00007ffbb4176000 	C:\Program Files\Java\jdk-21\bin\nio.dll
0x00007ffbdf180000 - 0x00007ffbdf190000 	C:\Program Files\Java\jdk-21\bin\verify.dll
0x00007ffbb9e00000 - 0x00007ffbb9e27000 	C:\Users\Nasko\.gradle\native\1def1411415f61bf3af743bc5b6707747c0891f09f0c88961ee8f79bc544acac\windows-amd64\native-platform.dll
0x00007ffba4820000 - 0x00007ffba4898000 	C:\Users\Nasko\.gradle\native\0.2.7\x86_64-windows-gnu\gradle-fileevents.dll
0x00007ffbdf3a0000 - 0x00007ffbdf3aa000 	C:\Program Files\Java\jdk-21\bin\management.dll
0x00007ffbdf100000 - 0x00007ffbdf10b000 	C:\Program Files\Java\jdk-21\bin\management_ext.dll
0x00007ffbf9750000 - 0x00007ffbf9758000 	C:\WINDOWS\System32\PSAPI.DLL
0x00007ffbf61b0000 - 0x00007ffbf61e3000 	C:\WINDOWS\SYSTEM32\IPHLPAPI.DLL
0x00007ffbf8ff0000 - 0x00007ffbf8ffa000 	C:\WINDOWS\System32\NSI.dll
0x00007ffbde400000 - 0x00007ffbde409000 	C:\Program Files\Java\jdk-21\bin\extnet.dll
0x00007ffbf6f20000 - 0x00007ffbf6f3c000 	C:\WINDOWS\SYSTEM32\CRYPTSP.dll
0x00007ffbf6670000 - 0x00007ffbf66aa000 	C:\WINDOWS\system32\rsaenh.dll
0x00007ffbf6d20000 - 0x00007ffbf6d4b000 	C:\WINDOWS\SYSTEM32\USERENV.dll
0x00007ffbf7830000 - 0x00007ffbf7856000 	C:\WINDOWS\SYSTEM32\bcrypt.dll
0x00007ffbf6f40000 - 0x00007ffbf6f4c000 	C:\WINDOWS\SYSTEM32\CRYPTBASE.dll
0x00007ffbd9490000 - 0x00007ffbd949e000 	C:\Program Files\Java\jdk-21\bin\sunmscapi.dll
0x00007ffbf7b50000 - 0x00007ffbf7cc7000 	C:\WINDOWS\System32\CRYPT32.dll
0x00007ffbf7130000 - 0x00007ffbf7160000 	C:\WINDOWS\SYSTEM32\ncrypt.dll
0x00007ffbf70e0000 - 0x00007ffbf711f000 	C:\WINDOWS\SYSTEM32\NTASN1.dll
0x00007ffba3d00000 - 0x00007ffba3d08000 	C:\WINDOWS\system32\wshunix.dll

dbghelp: loaded successfully - version: 4.0.5 - missing functions: none
symbol engine: initialized successfully - sym options: 0x614 - pdb path: .;C:\Program Files\Java\jdk-21\bin;C:\WINDOWS\SYSTEM32;C:\WINDOWS\WinSxS\amd64_microsoft.windows.common-controls_6595b64144ccf1df_6.0.26100.3912_none_3e07963ce335137e;C:\Program Files\Java\jdk-21\bin\server;C:\Users\Nasko\.gradle\native\1def1411415f61bf3af743bc5b6707747c0891f09f0c88961ee8f79bc544acac\windows-amd64;C:\Users\Nasko\.gradle\native\0.2.7\x86_64-windows-gnu

VM Arguments:
jvm_args: --add-opens=java.base/java.lang=ALL-UNNAMED --add-opens=java.base/java.lang.invoke=ALL-UNNAMED --add-opens=java.base/java.util=ALL-UNNAMED --add-opens=java.prefs/java.util.prefs=ALL-UNNAMED --add-exports=jdk.compiler/com.sun.tools.javac.api=ALL-UNNAMED --add-exports=jdk.compiler/com.sun.tools.javac.util=ALL-UNNAMED --add-opens=java.base/java.util=ALL-UNNAMED --add-opens=java.prefs/java.util.prefs=ALL-UNNAMED --add-opens=java.base/java.nio.charset=ALL-UNNAMED --add-opens=java.base/java.net=ALL-UNNAMED --add-opens=java.base/java.util.concurrent.atomic=ALL-UNNAMED --add-opens=java.xml/javax.xml.namespace=ALL-UNNAMED -XX:MaxMetaspaceSize=512m -XX:+HeapDumpOnOutOfMemoryError -Xmx2048m -Dfile.encoding=UTF-8 -Duser.country=US -Duser.language=en -Duser.variant -javaagent:C:\Users\Nasko\.gradle\wrapper\dists\gradle-8.13-bin\5xuhj0ry160q40clulazy9h7d\gradle-8.13\lib\agents\gradle-instrumentation-agent-8.13.jar 
java_command: org.gradle.launcher.daemon.bootstrap.GradleDaemon 8.13
java_class_path (initial): C:\Users\Nasko\.gradle\wrapper\dists\gradle-8.13-bin\5xuhj0ry160q40clulazy9h7d\gradle-8.13\lib\gradle-daemon-main-8.13.jar
Launcher Type: SUN_STANDARD

[Global flags]
     intx CICompilerCount                          = 4                                         {product} {ergonomic}
   size_t CompressedClassSpaceSize                 = 436207616                                 {product} {ergonomic}
     uint ConcGCThreads                            = 2                                         {product} {ergonomic}
     uint G1ConcRefinementThreads                  = 8                                         {product} {ergonomic}
   size_t G1HeapRegionSize                         = 1048576                                   {product} {ergonomic}
    uintx GCDrainStackTargetSize                   = 64                                        {product} {ergonomic}
     bool HeapDumpOnOutOfMemoryError               = true                                   {manageable} {command line}
   size_t InitialHeapSize                          = 264241152                                 {product} {ergonomic}
   size_t MarkStackSize                            = 4194304                                   {product} {ergonomic}
   size_t MaxHeapSize                              = 2147483648                                {product} {command line}
   size_t MaxMetaspaceSize                         = 536870912                                 {product} {command line}
   size_t MaxNewSize                               = 1287651328                                {product} {ergonomic}
   size_t MinHeapDeltaBytes                        = 1048576                                   {product} {ergonomic}
   size_t MinHeapSize                              = 8388608                                   {product} {ergonomic}
    uintx NonNMethodCodeHeapSize                   = 5839372                                {pd product} {ergonomic}
    uintx NonProfiledCodeHeapSize                  = 122909434                              {pd product} {ergonomic}
    uintx ProfiledCodeHeapSize                     = 122909434                              {pd product} {ergonomic}
    uintx ReservedCodeCacheSize                    = 251658240                              {pd product} {ergonomic}
     bool SegmentedCodeCache                       = true                                      {product} {ergonomic}
   size_t SoftMaxHeapSize                          = 2147483648                             {manageable} {ergonomic}
     bool UseCompressedOops                        = true                           {product lp64_product} {ergonomic}
     bool UseG1GC                                  = true                                      {product} {ergonomic}
     bool UseLargePagesIndividualAllocation        = false                                  {pd product} {ergonomic}

Logging:
Log output configuration:
 #0: stdout all=warning uptime,level,tags foldmultilines=false
 #1: stderr all=off uptime,level,tags foldmultilines=false

Environment Variables:
CLASSPATH=C:\Users\Nasko\Documents\GitHub\car-app2\backend\car-backend\\gradle\wrapper\gradle-wrapper.jar
PATH=C:\Program Files\National Instruments\Shared\OpenVINO\;C:\Program Files\Common Files\Oracle\Java\javapath;C:\Program Files (x86)\Common Files\Oracle\Java\java8path;C:\Program Files (x86)\Common Files\Oracle\Java\javapath;C:\Program Files\AdoptOpenJDK\jdk-11.0.9.11-hotspot\bin;C:\WINDOWS\system32;C:\WINDOWS;C:\WINDOWS\System32\Wbem;C:\WINDOWS\System32\WindowsPowerShell\v1.0\;C:\WINDOWS\System32\OpenSSH\;C:\Program Files (x86)\PuTTY\;C:\Program Files\Git\cmd;C:\Program Files\Docker\Docker\resources\bin;C:\Program Files\PostgreSQL\17\bin;C:\Program Files\nodejs\;C:\Program Files\doctl\;C:\Program Files\dotnet\;C:\Program Files (x86)\IVI Foundation\VISA\WinNT\Bin\;C:\Program Files\IVI Foundation\VISA\Win64\Bin\;C:\Program Files (x86)\National Instruments\Shared\LabVIEW CLI;C:\Program Files (x86)\IVI Foundation\IVI\Bin\;C:\Program Files\IVI Foundation\IVI\Bin\;C:\Program Files (x86)\IVI Foundation\VISA\WinNT\Bin;C:\Program Files\Terraform;C:\Program Files\MySQL\MySQL Shell 8.0\bin\;C:\Users\Nasko\AppData\Local\Microsoft\WindowsApps;C:\Program Files\CodeBlocks\MinGW\bin;C:\Users\Nasko\AppData\Local\Programs\Microsoft VS Code\bin;C:\Program Files (x86)\GnuWin32\bin;C:\Users\Nasko\AppData\Local\GitHubDesktop\bin;C:\Users\Nasko\Desktop\cpp\mingw64\bin;C:\Users\Nasko\Desktop\1338\cpp\mingw64\bin;C:\Program Files\JetBrains\IntelliJ IDEA Community Edition 2024.2.3\bin;;c:\users\nasko\appdata\local\packages\pythonsoftwarefoundation.python.3.10_qbz5n2kfra8p0\localcache\local-packages\python310\Scripts;;C:\Users\Nasko\.bun\bin;C:\Users\Nasko\AppData\Roaming\npm;C:\Users\Nasko\AppData\Local\Programs\cursor\resources\app\bin
USERNAME=Nasko
OS=Windows_NT
PROCESSOR_IDENTIFIER=Intel64 Family 6 Model 126 Stepping 5, GenuineIntel
TMP=C:\Users\Nasko\AppData\Local\Temp
TEMP=C:\Users\Nasko\AppData\Local\Temp




Periodic native trim disabled

---------------  S Y S T E M  ---------------

OS:
 Windows 11 , 64 bit Build 26100 (10.0.26100.3912)
OS uptime: 12 days 0:08 hours
Hyper-V role detected

CPU: total 8 (initial active 8) (4 cores per cpu, 2 threads per core) family 6 model 126 stepping 5 microcode 0xa0, cx8, cmov, fxsr, ht, mmx, 3dnowpref, sse, sse2, sse3, ssse3, sse4.1, sse4.2, popcnt, lzcnt, tsc, tscinvbit, avx, avx2, aes, erms, clmul, bmi1, bmi2, adx, avx512f, avx512dq, avx512cd, avx512bw, avx512vl, sha, fma, vzeroupper, avx512_vpopcntdq, avx512_vpclmulqdq, avx512_vaes, avx512_vnni, clflush, clflushopt, avx512_vbmi2, avx512_vbmi, hv, rdtscp, rdpid, fsrm, gfni, avx512_bitalg, f16c, avx512_ifma
Processor Information for processor 0
  Max Mhz: 1498, Current Mhz: 998, Mhz Limit: 1288
Processor Information for processor 1
  Max Mhz: 1498, Current Mhz: 1298, Mhz Limit: 1288
Processor Information for processor 2
  Max Mhz: 1498, Current Mhz: 1298, Mhz Limit: 1288
Processor Information for processor 3
  Max Mhz: 1498, Current Mhz: 1298, Mhz Limit: 1288
Processor Information for processor 4
  Max Mhz: 1498, Current Mhz: 1298, Mhz Limit: 1288
Processor Information for processor 5
  Max Mhz: 1498, Current Mhz: 1298, Mhz Limit: 1288
Processor Information for processor 6
  Max Mhz: 1498, Current Mhz: 998, Mhz Limit: 1288
Processor Information for processor 7
  Max Mhz: 1498, Current Mhz: 1298, Mhz Limit: 1288

Memory: 4k page, system-wide physical 16126M (1508M free)
TotalPageFile size 24322M (AvailPageFile size 13M)
current process WorkingSet (physical memory assigned to process): 227M, peak: 232M
current process commit charge ("private bytes"): 443M, peak: 453M

vm_info: Java HotSpot(TM) 64-Bit Server VM (21.0.5+9-LTS-239) for windows-amd64 JRE (21.0.5+9-LTS-239), built on 2024-09-30T05:17:38Z by "mach5one" with MS VC++ 17.6 (VS2022)

END.
