#
# There is insufficient memory for the Java Runtime Environment to continue.
# Native memory allocation (mmap) failed to map 264241152 bytes for G1 virtual space
# Possible reasons:
#   The system is out of physical RAM or swap space
#   The process is running with CompressedOops enabled, and the Java Heap may be blocking the growth of the native heap
# Possible solutions:
#   Reduce memory load on the system
#   Increase physical memory or swap space
#   Check if swap backing store is full
#   Decrease Java heap size (-Xmx/-Xms)
#   Decrease number of Java threads
#   Decrease Java thread stack sizes (-Xss)
#   Set larger code cache with -XX:ReservedCodeCacheSize=
#   JVM is running with Zero Based Compressed Oops mode in which the Java heap is
#     placed in the first 32GB address space. The Java Heap base address is the
#     maximum limit for the native heap growth. Please use -XX:HeapBaseMinAddress
#     to set the Java Heap base and to place the Java Heap above 32GB virtual address.
# This output file may be truncated or incomplete.
#
#  Out of Memory Error (os_windows.cpp:3600), pid=21468, tid=39764
#
# JRE version:  (21.0.5+9) (build )
# Java VM: Java HotSpot(TM) 64-Bit Server VM (21.0.5+9-LTS-239, mixed mode, sharing, tiered, compressed oops, compressed class ptrs, g1 gc, windows-amd64)
# No core dump will be written. Minidumps are not enabled by default on client versions of Windows
#

---------------  S U M M A R Y ------------

Command Line: org.jetbrains.kotlin.cli.jvm.K2JVMCompiler @C:\Users\Nasko\Documents\GitHub\car-app2\backend\car-backend\build\20250601_2934310414419124195.compiler.options

Host: Intel(R) Core(TM) i7-1065G7 CPU @ 1.30GHz, 8 cores, 15G,  Windows 11 , 64 bit Build 26100 (10.0.26100.3912)
Time: Sun Jun  1 14:26:27 2025 FLE Daylight Time elapsed time: 1.108946 seconds (0d 0h 0m 1s)

---------------  T H R E A D  ---------------

Current thread (0x000001e3a613f680):  JavaThread "Unknown thread" [_thread_in_vm, id=39764, stack(0x000000026a000000,0x000000026a100000) (1024K)]

Stack: [0x000000026a000000,0x000000026a100000]
Native frames: (J=compiled Java code, j=interpreted, Vv=VM code, C=native code)
V  [jvm.dll+0x6ca289]
V  [jvm.dll+0x854a51]
V  [jvm.dll+0x856f7e]
V  [jvm.dll+0x857653]
V  [jvm.dll+0x27dd26]
V  [jvm.dll+0x6c6a25]
V  [jvm.dll+0x6bb5aa]
V  [jvm.dll+0x35359a]
V  [jvm.dll+0x35b1f6]
V  [jvm.dll+0x3adade]
V  [jvm.dll+0x3add88]
V  [jvm.dll+0x3278fc]
V  [jvm.dll+0x32845b]
V  [jvm.dll+0x81de19]
V  [jvm.dll+0x3ba7c1]
V  [jvm.dll+0x807168]
V  [jvm.dll+0x44f96e]
V  [jvm.dll+0x451561]
C  [jli.dll+0x52a3]
C  [ucrtbase.dll+0x37b0]
C  [KERNEL32.DLL+0x2e8d7]
C  [ntdll.dll+0x9c5dc]


---------------  P R O C E S S  ---------------

Threads class SMR info:
_java_thread_list=0x00007ffb4aa8ac08, length=0, elements={
}

Java Threads: ( => current thread )
Total: 0

Other Threads:
  0x000001e3a61a1970 WorkerThread "GC Thread#0"                     [id=20760, stack(0x000000026a100000,0x000000026a200000) (1024K)]
  0x000001e3a61b2550 ConcurrentGCThread "G1 Main Marker"            [id=43600, stack(0x000000026a200000,0x000000026a300000) (1024K)]
  0x000001e3a61b3050 WorkerThread "G1 Conc#0"                       [id=47356, stack(0x000000026a300000,0x000000026a400000) (1024K)]

[error occurred during error reporting (printing all threads), id 0xc0000005, EXCEPTION_ACCESS_VIOLATION (0xc0000005) at pc=0x00007ffb4a1fa087]
VM state: not at safepoint (not fully initialized)

VM Mutex/Monitor currently owned by a thread:  ([mutex/lock_event])
[0x00007ffb4aafbf98] Heap_lock - owner thread: 0x000001e3a613f680

Heap address: 0x0000000704000000, size: 4032 MB, Compressed Oops mode: Zero based, Oop shift amount: 3

CDS archive(s) mapped at: [0x0000000000000000-0x0000000000000000-0x0000000000000000), size 0, SharedBaseAddress: 0x0000000800000000, ArchiveRelocationMode: 1.
Narrow klass base: 0x0000000000000000, Narrow klass shift: 0, Narrow klass range: 0x0

GC Precious Log:
 CardTable entry size: 512
 Card Set container configuration: InlinePtr #cards 4 size 8 Array Of Cards #cards 16 size 48 Howl #buckets 8 coarsen threshold 3686 Howl Bitmap #cards 512 size 80 coarsen threshold 460 Card regions per heap region 1 cards per card region 4096

Heap:
 garbage-first heap   total 0K, used 0K [0x0000000704000000, 0x0000000800000000)
  region size 2048K, 0 young (0K), 0 survivors (0K)

[error occurred during error reporting (printing heap information), id 0xc0000005, EXCEPTION_ACCESS_VIOLATION (0xc0000005) at pc=0x00007ffb4a5e3259]
GC Heap History (0 events):
No events

Dll operation events (1 events):
Event: 0.029 Loaded shared library C:\Program Files\Java\jdk-21\bin\java.dll

Deoptimization events (0 events):
No events

Classes loaded (0 events):
No events

Classes unloaded (0 events):
No events

Classes redefined (0 events):
No events

Internal exceptions (0 events):
No events

ZGC Phase Switch (0 events):
No events

VM Operations (0 events):
No events

Events (0 events):
No events


Dynamic libraries:
0x00007ff7b5f50000 - 0x00007ff7b5f60000 	C:\Program Files\Java\jdk-21\bin\java.exe
0x00007ffbfa7c0000 - 0x00007ffbfaa26000 	C:\WINDOWS\SYSTEM32\ntdll.dll
0x00007ffbf94c0000 - 0x00007ffbf9589000 	C:\WINDOWS\System32\KERNEL32.DLL
0x00007ffbf8070000 - 0x00007ffbf843c000 	C:\WINDOWS\System32\KERNELBASE.dll
0x00007ffbf7cd0000 - 0x00007ffbf7e1b000 	C:\WINDOWS\System32\ucrtbase.dll
0x00007ffbe5830000 - 0x00007ffbe584b000 	C:\Program Files\Java\jdk-21\bin\VCRUNTIME140.dll
0x00007ffbe5850000 - 0x00007ffbe5869000 	C:\Program Files\Java\jdk-21\bin\jli.dll
0x00007ffbf9b00000 - 0x00007ffbf9bb2000 	C:\WINDOWS\System32\ADVAPI32.dll
0x00007ffbf99b0000 - 0x00007ffbf9a59000 	C:\WINDOWS\System32\msvcrt.dll
0x00007ffbf8ee0000 - 0x00007ffbf8f86000 	C:\WINDOWS\System32\sechost.dll
0x00007ffbf8dc0000 - 0x00007ffbf8ed6000 	C:\WINDOWS\System32\RPCRT4.dll
0x00007ffbf97b0000 - 0x00007ffbf997a000 	C:\WINDOWS\System32\USER32.dll
0x00007ffbe1750000 - 0x00007ffbe19ea000 	C:\WINDOWS\WinSxS\amd64_microsoft.windows.common-controls_6595b64144ccf1df_6.0.26100.3912_none_3e07963ce335137e\COMCTL32.dll
0x00007ffbf7ec0000 - 0x00007ffbf7ee7000 	C:\WINDOWS\System32\win32u.dll
0x00007ffbf9980000 - 0x00007ffbf99ab000 	C:\WINDOWS\System32\GDI32.dll
0x00007ffbf7950000 - 0x00007ffbf7a82000 	C:\WINDOWS\System32\gdi32full.dll
0x00007ffbf84d0000 - 0x00007ffbf8573000 	C:\WINDOWS\System32\msvcp_win.dll
0x00007ffbe6c40000 - 0x00007ffbe6c4b000 	C:\WINDOWS\SYSTEM32\VERSION.dll
0x00007ffbf8d70000 - 0x00007ffbf8da0000 	C:\WINDOWS\System32\IMM32.DLL
0x00007ffbd9490000 - 0x00007ffbd949c000 	C:\Program Files\Java\jdk-21\bin\vcruntime140_1.dll
0x00007ffbadf50000 - 0x00007ffbadfde000 	C:\Program Files\Java\jdk-21\bin\msvcp140.dll
0x00007ffb49ec0000 - 0x00007ffb4abd8000 	C:\Program Files\Java\jdk-21\bin\server\jvm.dll
0x00007ffbf9a80000 - 0x00007ffbf9af4000 	C:\WINDOWS\System32\WS2_32.dll
0x00007ffbf77a0000 - 0x00007ffbf77fe000 	C:\WINDOWS\SYSTEM32\POWRPROF.dll
0x00007ffbe0980000 - 0x00007ffbe09b6000 	C:\WINDOWS\SYSTEM32\WINMM.dll
0x00007ffbf7780000 - 0x00007ffbf7794000 	C:\WINDOWS\SYSTEM32\UMPDC.dll
0x00007ffbf6710000 - 0x00007ffbf672a000 	C:\WINDOWS\SYSTEM32\kernel.appcore.dll
0x00007ffbb68f0000 - 0x00007ffbb68fa000 	C:\Program Files\Java\jdk-21\bin\jimage.dll
0x00007ffbf25e0000 - 0x00007ffbf2821000 	C:\WINDOWS\SYSTEM32\DBGHELP.DLL
0x00007ffbf8860000 - 0x00007ffbf8be4000 	C:\WINDOWS\System32\combase.dll
0x00007ffbf93d0000 - 0x00007ffbf94b0000 	C:\WINDOWS\System32\OLEAUT32.dll
0x00007ffbd5f50000 - 0x00007ffbd5f89000 	C:\WINDOWS\SYSTEM32\dbgcore.DLL
0x00007ffbf7e20000 - 0x00007ffbf7eb9000 	C:\WINDOWS\System32\bcryptPrimitives.dll
0x00007ffbaf100000 - 0x00007ffbaf11f000 	C:\Program Files\Java\jdk-21\bin\java.dll

dbghelp: loaded successfully - version: 4.0.5 - missing functions: none
symbol engine: initialized successfully - sym options: 0x614 - pdb path: .;C:\Program Files\Java\jdk-21\bin;C:\WINDOWS\SYSTEM32;C:\WINDOWS\WinSxS\amd64_microsoft.windows.common-controls_6595b64144ccf1df_6.0.26100.3912_none_3e07963ce335137e;C:\Program Files\Java\jdk-21\bin\server

VM Arguments:
java_command: org.jetbrains.kotlin.cli.jvm.K2JVMCompiler @C:\Users\Nasko\Documents\GitHub\car-app2\backend\car-backend\build\20250601_2934310414419124195.compiler.options
java_class_path (initial): C:\Users\Nasko\.gradle\caches\modules-2\files-2.1\org.jetbrains.kotlin\kotlin-compiler-embeddable\1.9.25\6e698f23ca1f74d6672827f61e92c2fe015d1b88\kotlin-compiler-embeddable-1.9.25.jar;C:\Users\Nasko\.gradle\caches\modules-2\files-2.1\org.jetbrains.kotlin\kotlin-stdlib\1.9.25\f700a2f2b8f0d6d0fde48f56d894dc722fb029d7\kotlin-stdlib-1.9.25.jar;C:\Users\Nasko\.gradle\caches\modules-2\files-2.1\org.jetbrains.kotlin\kotlin-script-runtime\1.9.25\43cdc99e4582c67c2b60f609d0e4c015d33a8e89\kotlin-script-runtime-1.9.25.jar;C:\Users\Nasko\.gradle\caches\modules-2\files-2.1\org.jetbrains.kotlin\kotlin-reflect\1.9.25\73023c38b7b20430232893cf9b556dc8486e07a4\kotlin-reflect-1.9.25.jar;C:\Users\Nasko\.gradle\caches\modules-2\files-2.1\org.jetbrains.kotlin\kotlin-daemon-embeddable\1.9.25\3a1ebb4f98ed480e4774f45e3be215626eb3ae02\kotlin-daemon-embeddable-1.9.25.jar;C:\Users\Nasko\.gradle\caches\modules-2\files-2.1\org.jetbrains.intellij.deps\trove4j\1.0.20200330\3afb14d5f9ceb459d724e907a21145e8ff394f02\trove4j-1.0.20200330.jar;C:\Users\Nasko\.gradle\caches\modules-2\files-2.1\org.jetbrains\annotations\13.0\919f0dfe192fb4e063e7dacadee7f8bb9a2672a9\annotations-13.0.jar
Launcher Type: SUN_STANDARD

[Global flags]
     intx CICompilerCount                          = 4                                         {product} {ergonomic}
     uint ConcGCThreads                            = 2                                         {product} {ergonomic}
     uint G1ConcRefinementThreads                  = 8                                         {product} {ergonomic}
   size_t G1HeapRegionSize                         = 2097152                                   {product} {ergonomic}
    uintx GCDrainStackTargetSize                   = 64                                        {product} {ergonomic}
   size_t InitialHeapSize                          = 264241152                                 {product} {ergonomic}
   size_t MarkStackSize                            = 4194304                                   {product} {ergonomic}
   size_t MaxHeapSize                              = 4227858432                                {product} {ergonomic}
   size_t MinHeapDeltaBytes                        = 2097152                                   {product} {ergonomic}
   size_t MinHeapSize                              = 8388608                                   {product} {ergonomic}
    uintx NonNMethodCodeHeapSize                   = 5839372                                {pd product} {ergonomic}
    uintx NonProfiledCodeHeapSize                  = 122909434                              {pd product} {ergonomic}
    uintx ProfiledCodeHeapSize                     = 122909434                              {pd product} {ergonomic}
    uintx ReservedCodeCacheSize                    = 251658240                              {pd product} {ergonomic}
     bool SegmentedCodeCache                       = true                                      {product} {ergonomic}
   size_t SoftMaxHeapSize                          = 4227858432                             {manageable} {ergonomic}
     bool UseCompressedOops                        = true                           {product lp64_product} {ergonomic}
     bool UseG1GC                                  = true                                      {product} {ergonomic}
     bool UseLargePagesIndividualAllocation        = false                                  {pd product} {ergonomic}

Logging:
Log output configuration:
 #0: stdout all=warning uptime,level,tags foldmultilines=false
 #1: stderr all=off uptime,level,tags foldmultilines=false

Environment Variables:
CLASSPATH=C:\Users\Nasko\Documents\GitHub\car-app2\backend\car-backend\\gradle\wrapper\gradle-wrapper.jar
PATH=C:\Program Files\National Instruments\Shared\OpenVINO\;C:\Program Files\Common Files\Oracle\Java\javapath;C:\Program Files (x86)\Common Files\Oracle\Java\java8path;C:\Program Files (x86)\Common Files\Oracle\Java\javapath;C:\Program Files\AdoptOpenJDK\jdk-11.0.9.11-hotspot\bin;C:\WINDOWS\system32;C:\WINDOWS;C:\WINDOWS\System32\Wbem;C:\WINDOWS\System32\WindowsPowerShell\v1.0\;C:\WINDOWS\System32\OpenSSH\;C:\Program Files (x86)\PuTTY\;C:\Program Files\Git\cmd;C:\Program Files\Docker\Docker\resources\bin;C:\Program Files\PostgreSQL\17\bin;C:\Program Files\nodejs\;C:\Program Files\doctl\;C:\Program Files\dotnet\;C:\Program Files (x86)\IVI Foundation\VISA\WinNT\Bin\;C:\Program Files\IVI Foundation\VISA\Win64\Bin\;C:\Program Files (x86)\National Instruments\Shared\LabVIEW CLI;C:\Program Files (x86)\IVI Foundation\IVI\Bin\;C:\Program Files\IVI Foundation\IVI\Bin\;C:\Program Files (x86)\IVI Foundation\VISA\WinNT\Bin;C:\Program Files\MySQL\MySQL Shell 8.0\bin\;C:\Users\Nasko\AppData\Local\Microsoft\WindowsApps;C:\Program Files\CodeBlocks\MinGW\bin;C:\Users\Nasko\AppData\Local\Programs\Microsoft VS Code\bin;C:\Program Files (x86)\GnuWin32\bin;C:\Users\Nasko\AppData\Local\GitHubDesktop\bin;C:\Users\Nasko\Desktop\cpp\mingw64\bin;C:\Users\Nasko\Desktop\1338\cpp\mingw64\bin;C:\Program Files\JetBrains\IntelliJ IDEA Community Edition 2024.2.3\bin;;c:\users\nasko\appdata\local\packages\pythonsoftwarefoundation.python.3.10_qbz5n2kfra8p0\localcache\local-packages\python310\Scripts;;C:\Users\Nasko\.bun\bin;C:\Users\Nasko\AppData\Roaming\npm;C:\Users\Nasko\AppData\Local\Programs\cursor\resources\app\bin
USERNAME=Nasko
OS=Windows_NT
PROCESSOR_IDENTIFIER=Intel64 Family 6 Model 126 Stepping 5, GenuineIntel
TMP=C:\Users\Nasko\AppData\Local\Temp
TEMP=C:\Users\Nasko\AppData\Local\Temp




Periodic native trim disabled

---------------  S Y S T E M  ---------------

OS:
 Windows 11 , 64 bit Build 26100 (10.0.26100.3912)
OS uptime: 7 days 21:51 hours
Hyper-V role detected

CPU: total 8 (initial active 8) (4 cores per cpu, 2 threads per core) family 6 model 126 stepping 5 microcode 0xa0, cx8, cmov, fxsr, ht, mmx, 3dnowpref, sse, sse2, sse3, ssse3, sse4.1, sse4.2, popcnt, lzcnt, tsc, tscinvbit, avx, avx2, aes, erms, clmul, bmi1, bmi2, adx, avx512f, avx512dq, avx512cd, avx512bw, avx512vl, sha, fma, vzeroupper, avx512_vpopcntdq, avx512_vpclmulqdq, avx512_vaes, avx512_vnni, clflush, clflushopt, avx512_vbmi2, avx512_vbmi, hv, rdtscp, rdpid, fsrm, gfni, avx512_bitalg, f16c, avx512_ifma
Processor Information for all 8 processors :
  Max Mhz: 1498, Current Mhz: 1298, Mhz Limit: 1288

Memory: 4k page, system-wide physical 16126M (1647M free)
TotalPageFile size 24322M (AvailPageFile size 13M)
current process WorkingSet (physical memory assigned to process): 12M, peak: 12M
current process commit charge ("private bytes"): 60M, peak: 312M

vm_info: Java HotSpot(TM) 64-Bit Server VM (21.0.5+9-LTS-239) for windows-amd64 JRE (21.0.5+9-LTS-239), built on 2024-09-30T05:17:38Z by "mach5one" with MS VC++ 17.6 (VS2022)

END.
