#
# There is insufficient memory for the Java Runtime Environment to continue.
# Native memory allocation (mmap) failed to map 264241152 bytes for G1 virtual space
# Possible reasons:
#   The system is out of physical RAM or swap space
#   The process is running with CompressedOops enabled, and the Java Heap may be blocking the growth of the native heap
# Possible solutions:
#   Reduce memory load on the system
#   Increase physical memory or swap space
#   Check if swap backing store is full
#   Decrease Java heap size (-Xmx/-Xms)
#   Decrease number of Java threads
#   Decrease Java thread stack sizes (-Xss)
#   Set larger code cache with -XX:ReservedCodeCacheSize=
#   JVM is running with Unscaled Compressed Oops mode in which the Java heap is
#     placed in the first 4GB address space. The Java Heap base address is the
#     maximum limit for the native heap growth. Please use -XX:HeapBaseMinAddress
#     to set the Java Heap base and to place the Java Heap above 4GB virtual address.
# This output file may be truncated or incomplete.
#
#  Out of Memory Error (os_windows.cpp:3600), pid=43688, tid=8660
#
# JRE version:  (21.0.5+9) (build )
# Java VM: Java HotSpot(TM) 64-Bit Server VM (21.0.5+9-LTS-239, mixed mode, sharing, tiered, compressed oops, compressed class ptrs, g1 gc, windows-amd64)
# No core dump will be written. Minidumps are not enabled by default on client versions of Windows
#

---------------  S U M M A R Y ------------

Command Line: -Dorg.gradle.internal.worker.tmpdir=C:\Users\Nasko\Documents\GitHub\car-app2\backend\car-backend\build\tmp\test\work -Xmx512m -Dfile.encoding=UTF-8 -Duser.country=US -Duser.language=en -Duser.variant -ea worker.org.gradle.process.internal.worker.GradleWorkerMain 'Gradle Test Executor 1'

Host: Intel(R) Core(TM) i7-1065G7 CPU @ 1.30GHz, 8 cores, 15G,  Windows 11 , 64 bit Build 26100 (10.0.26100.3912)
Time: Sun Jun  1 14:38:20 2025 FLE Daylight Time elapsed time: 1.381842 seconds (0d 0h 0m 1s)

---------------  T H R E A D  ---------------

Current thread (0x000001dfa58ddd00):  JavaThread "Unknown thread" [_thread_in_vm, id=8660, stack(0x000000d283400000,0x000000d283500000) (1024K)]

Stack: [0x000000d283400000,0x000000d283500000]
Native frames: (J=compiled Java code, j=interpreted, Vv=VM code, C=native code)
V  [jvm.dll+0x6ca289]
V  [jvm.dll+0x854a51]
V  [jvm.dll+0x856f7e]
V  [jvm.dll+0x857653]
V  [jvm.dll+0x27dd26]
V  [jvm.dll+0x6c6a25]
V  [jvm.dll+0x6bb5aa]
V  [jvm.dll+0x35359a]
V  [jvm.dll+0x35b1f6]
V  [jvm.dll+0x3adade]
V  [jvm.dll+0x3add88]
V  [jvm.dll+0x3278fc]
V  [jvm.dll+0x32845b]
V  [jvm.dll+0x81de19]
V  [jvm.dll+0x3ba7c1]
V  [jvm.dll+0x807168]
V  [jvm.dll+0x44f96e]
V  [jvm.dll+0x451561]
C  [jli.dll+0x52a3]
C  [ucrtbase.dll+0x37b0]
C  [KERNEL32.DLL+0x2e8d7]
C  [ntdll.dll+0x9c5dc]


---------------  P R O C E S S  ---------------

Threads class SMR info:
_java_thread_list=0x00007ffb4aa8ac08, length=0, elements={
}

Java Threads: ( => current thread )
Total: 0

Other Threads:
  0x000001dfa7b7ff90 WorkerThread "GC Thread#0"                     [id=47228, stack(0x000000d283500000,0x000000d283600000) (1024K)]
  0x000001dfa7b850d0 ConcurrentGCThread "G1 Main Marker"            [id=29656, stack(0x000000d283600000,0x000000d283700000) (1024K)]
  0x000001dfa7b88340 WorkerThread "G1 Conc#0"                       [id=44828, stack(0x000000d283700000,0x000000d283800000) (1024K)]

[error occurred during error reporting (printing all threads), id 0xc0000005, EXCEPTION_ACCESS_VIOLATION (0xc0000005) at pc=0x00007ffb4a1fa087]
VM state: not at safepoint (not fully initialized)

VM Mutex/Monitor currently owned by a thread:  ([mutex/lock_event])
[0x00007ffb4aafbf98] Heap_lock - owner thread: 0x000001dfa58ddd00

Heap address: 0x00000000e0000000, size: 512 MB, Compressed Oops mode: 32-bit

CDS archive(s) mapped at: [0x0000000000000000-0x0000000000000000-0x0000000000000000), size 0, SharedBaseAddress: 0x0000000800000000, ArchiveRelocationMode: 1.
Narrow klass base: 0x0000000000000000, Narrow klass shift: 0, Narrow klass range: 0x0

GC Precious Log:
 CardTable entry size: 512
 Card Set container configuration: InlinePtr #cards 5 size 8 Array Of Cards #cards 12 size 40 Howl #buckets 4 coarsen threshold 1843 Howl Bitmap #cards 512 size 80 coarsen threshold 460 Card regions per heap region 1 cards per card region 2048

Heap:
 garbage-first heap   total 0K, used 0K [0x00000000e0000000, 0x0000000100000000)
  region size 1024K, 0 young (0K), 0 survivors (0K)

[error occurred during error reporting (printing heap information), id 0xc0000005, EXCEPTION_ACCESS_VIOLATION (0xc0000005) at pc=0x00007ffb4a5e3259]
GC Heap History (0 events):
No events

Dll operation events (1 events):
Event: 0.028 Loaded shared library C:\Program Files\Java\jdk-21\bin\java.dll

Deoptimization events (0 events):
No events

Classes loaded (0 events):
No events

Classes unloaded (0 events):
No events

Classes redefined (0 events):
No events

Internal exceptions (0 events):
No events

ZGC Phase Switch (0 events):
No events

VM Operations (0 events):
No events

Events (0 events):
No events


Dynamic libraries:
0x00007ff7b5f50000 - 0x00007ff7b5f60000 	C:\Program Files\Java\jdk-21\bin\java.exe
0x00007ffbfa7c0000 - 0x00007ffbfaa26000 	C:\WINDOWS\SYSTEM32\ntdll.dll
0x00007ffbf94c0000 - 0x00007ffbf9589000 	C:\WINDOWS\System32\KERNEL32.DLL
0x00007ffbf8070000 - 0x00007ffbf843c000 	C:\WINDOWS\System32\KERNELBASE.dll
0x00007ffbf7cd0000 - 0x00007ffbf7e1b000 	C:\WINDOWS\System32\ucrtbase.dll
0x00007ffbe5850000 - 0x00007ffbe5869000 	C:\Program Files\Java\jdk-21\bin\jli.dll
0x00007ffbe5830000 - 0x00007ffbe584b000 	C:\Program Files\Java\jdk-21\bin\VCRUNTIME140.dll
0x00007ffbf9b00000 - 0x00007ffbf9bb2000 	C:\WINDOWS\System32\ADVAPI32.dll
0x00007ffbf99b0000 - 0x00007ffbf9a59000 	C:\WINDOWS\System32\msvcrt.dll
0x00007ffbf8ee0000 - 0x00007ffbf8f86000 	C:\WINDOWS\System32\sechost.dll
0x00007ffbf8dc0000 - 0x00007ffbf8ed6000 	C:\WINDOWS\System32\RPCRT4.dll
0x00007ffbf97b0000 - 0x00007ffbf997a000 	C:\WINDOWS\System32\USER32.dll
0x00007ffbf7ec0000 - 0x00007ffbf7ee7000 	C:\WINDOWS\System32\win32u.dll
0x00007ffbe1750000 - 0x00007ffbe19ea000 	C:\WINDOWS\WinSxS\amd64_microsoft.windows.common-controls_6595b64144ccf1df_6.0.26100.3912_none_3e07963ce335137e\COMCTL32.dll
0x00007ffbf9980000 - 0x00007ffbf99ab000 	C:\WINDOWS\System32\GDI32.dll
0x00007ffbf7950000 - 0x00007ffbf7a82000 	C:\WINDOWS\System32\gdi32full.dll
0x00007ffbf84d0000 - 0x00007ffbf8573000 	C:\WINDOWS\System32\msvcp_win.dll
0x00007ffbe6c40000 - 0x00007ffbe6c4b000 	C:\WINDOWS\SYSTEM32\VERSION.dll
0x00007ffbf8d70000 - 0x00007ffbf8da0000 	C:\WINDOWS\System32\IMM32.DLL
0x00007ffbd9490000 - 0x00007ffbd949c000 	C:\Program Files\Java\jdk-21\bin\vcruntime140_1.dll
0x00007ffbadf50000 - 0x00007ffbadfde000 	C:\Program Files\Java\jdk-21\bin\msvcp140.dll
0x00007ffb49ec0000 - 0x00007ffb4abd8000 	C:\Program Files\Java\jdk-21\bin\server\jvm.dll
0x00007ffbf9a80000 - 0x00007ffbf9af4000 	C:\WINDOWS\System32\WS2_32.dll
0x00007ffbf77a0000 - 0x00007ffbf77fe000 	C:\WINDOWS\SYSTEM32\POWRPROF.dll
0x00007ffbe0980000 - 0x00007ffbe09b6000 	C:\WINDOWS\SYSTEM32\WINMM.dll
0x00007ffbf7780000 - 0x00007ffbf7794000 	C:\WINDOWS\SYSTEM32\UMPDC.dll
0x00007ffbf6710000 - 0x00007ffbf672a000 	C:\WINDOWS\SYSTEM32\kernel.appcore.dll
0x00007ffbb68f0000 - 0x00007ffbb68fa000 	C:\Program Files\Java\jdk-21\bin\jimage.dll
0x00007ffbf25e0000 - 0x00007ffbf2821000 	C:\WINDOWS\SYSTEM32\DBGHELP.DLL
0x00007ffbf8860000 - 0x00007ffbf8be4000 	C:\WINDOWS\System32\combase.dll
0x00007ffbf93d0000 - 0x00007ffbf94b0000 	C:\WINDOWS\System32\OLEAUT32.dll
0x00007ffbd5f50000 - 0x00007ffbd5f89000 	C:\WINDOWS\SYSTEM32\dbgcore.DLL
0x00007ffbf7e20000 - 0x00007ffbf7eb9000 	C:\WINDOWS\System32\bcryptPrimitives.dll
0x00007ffbaf100000 - 0x00007ffbaf11f000 	C:\Program Files\Java\jdk-21\bin\java.dll

dbghelp: loaded successfully - version: 4.0.5 - missing functions: none
symbol engine: initialized successfully - sym options: 0x614 - pdb path: .;C:\Program Files\Java\jdk-21\bin;C:\WINDOWS\SYSTEM32;C:\WINDOWS\WinSxS\amd64_microsoft.windows.common-controls_6595b64144ccf1df_6.0.26100.3912_none_3e07963ce335137e;C:\Program Files\Java\jdk-21\bin\server

VM Arguments:
jvm_args: -Dorg.gradle.internal.worker.tmpdir=C:\Users\Nasko\Documents\GitHub\car-app2\backend\car-backend\build\tmp\test\work -Xmx512m -Dfile.encoding=UTF-8 -Duser.country=US -Duser.language=en -Duser.variant -ea 
java_command: worker.org.gradle.process.internal.worker.GradleWorkerMain 'Gradle Test Executor 1'
java_class_path (initial): C:\\Users\\Nasko\\.gradle\\caches\\8.13\\workerMain\\gradle-worker.jar;C:\\Users\\Nasko\\Documents\\GitHub\\car-app2\\backend\\car-backend\\build\\classes\\kotlin\\test;C:\\Users\\Nasko\\Documents\\GitHub\\car-app2\\backend\\car-backend\\build\\classes\\kotlin\\main;C:\\Users\\Nasko\\Documents\\GitHub\\car-app2\\backend\\car-backend\\build\\resources\\main;C:\\Users\\Nasko\\.gradle\\caches\\modules-2\\files-2.1\\org.springframework.boot\\spring-boot-starter-web\\3.5.0\\29c6198f7e5cd7c4b9a27045d93879e161d6cdd0\\spring-boot-starter-web-3.5.0.jar;C:\\Users\\Nasko\\.gradle\\caches\\modules-2\\files-2.1\\org.springframework.boot\\spring-boot-starter-json\\3.5.0\\af98a526ea3f68c179a6c6199bb1dbe864f43b93\\spring-boot-starter-json-3.5.0.jar;C:\\Users\\Nasko\\.gradle\\caches\\modules-2\\files-2.1\\com.fasterxml.jackson.datatype\\jackson-datatype-jdk8\\2.19.0\\69312135ff6d6646203b9681fa48505f369210a6\\jackson-datatype-jdk8-2.19.0.jar;C:\\Users\\Nasko\\.gradle\\caches\\modules-2\\files-2.1\\com.fasterxml.jackson.datatype\\jackson-datatype-jsr310\\2.19.0\\4c98a2fa8b35b5ffe102438f747f7b526619fde7\\jackson-datatype-jsr310-2.19.0.jar;C:\\Users\\Nasko\\.gradle\\caches\\modules-2\\files-2.1\\com.fasterxml.jackson.module\\jackson-module-parameter-names\\2.19.0\\4963234952362539ca73c85b6a423c851f04f1d\\jackson-module-parameter-names-2.19.0.jar;C:\\Users\\Nasko\\.gradle\\caches\\modules-2\\files-2.1\\com.fasterxml.jackson.core\\jackson-databind\\2.19.0\\b3f7506f6414fb04760561eec11a0880165c2a4a\\jackson-databind-2.19.0.jar;C:\\Users\\Nasko\\.gradle\\caches\\modules-2\\files-2.1\\com.fasterxml.jackson.core\\jackson-annotations\\2.19.0\\fd1e7c56de1e5b658563c8c66d5074cceb4e3a0b\\jackson-annotations-2.19.0.jar;C:\\Users\\Nasko\\.gradle\\caches\\modules-2\\files-2.1\\com.fasterxml.jackson.core\\jackson-core\\2.19.0\\a90640e59ea42632a8e331ff1d6b706cf306050a\\jackson-core-2.19.0.jar;C:\\Users\\Nasko\\.gradle\\caches\\modules-2\\files-2.1\\com.fasterxml.jackson.module\\jackson-module-kotlin\\2.19.0\\b26bbc89112d7b71e3ef4d523671f430e95426fe\\jackson-module-kotlin-2.19.0.jar;C:\\Users\\Nasko\\.gradle\\caches\\modules-2\\files-2.1\\org.jetbrains.kotlin\\kotlin-reflect\\1.9.25\\73023c38b7b20430232893cf9b556dc8486e07a4\\kotlin-reflect-1.9.25.jar;C:\\Users\\Nasko\\.gradle\\caches\\modules-2\\files-2.1\\org.jetbrains.kotlin\\kotlin-test-junit5\\1.9.25\\787558f7e75d14bac4b6e60421d434e66bd20f3f\\kotlin-test-junit5-1.9.25.jar;C:\\Users\\Nasko\\.gradle\\caches\\modules-2\\files-2.1\\org.jetbrains.kotlin\\kotlin-test\\1.9.25\\c76017b12cb5cfb74983979149cef7d6c3953e6e\\kotlin-test-1.9.25.jar;C:\\Users\\Nasko\\.gradle\\caches\\modules-2\\files-2.1\\org.jetbrains.kotlin\\kotlin-stdlib\\1.9.25\\f700a2f2b8f0d6d0fde48f56d894dc722fb029d7\\kotlin-stdlib-1.9.25.jar;C:\\Users\\Nasko\\.gradle\\caches\\modules-2\\files-2.1\\org.springframework.boot\\spring-boot-starter-data-jpa\\3.5.0\\1f1b632678d5516b5866a82b282541b18f6bf84c\\spring-boot-starter-data-jpa-3.5.0.jar;C:\\Users\\Nasko\\.gradle\\caches\\modules-2\\files-2.1\\org.springframework.boot\\spring-boot-starter-security\\3.5.0\\f33d61f93d8a0ded9a1142996d2663105a237e76\\spring-boot-starter-security-3.5.0.jar;C:\\Users\\Nasko\\.gradle\\caches\\modules-2\\files-2.1\\org.springframework.boot\\spring-boot-starter-validation\\3.5.0\\76a06881cdb0d47b3fd937ce26d874d5fc2c10fa\\spring-boot-starter-validation-3.5.0.jar;C:\\Users\\Nasko\\.gradle\\caches\\modules-2\\files-2.1\\gg.jte\\jte-spring-boot-starter-3\\3.1.16\\3e60b67974c839a3b16f7df08101e774e6ad5bfe\\jte-spring-boot-starter-3-3.1.16.jar;C:\\Users\\Nasko\\.gradle\\caches\\modules-2\\files-2.1\\org.postgresql\\postgresql\\42.7.5\\747897987b86c741fb8b56f6b81929ae1e6e4b46\\postgresql-42.7.5.jar;C:\\Users\\Nasko\\.gradle\\caches\\modules-2\\files-2.1\\org.springframework.boot\\spring-boot-starter-test\\3.5.0\\d973979fde1282d9368d086deb7d82997079d61b\\spring-boot-starter-test-3.5.0.jar;C:\\Users\\Nasko\\.gradle\\caches\\modules-2\\files-2.1\\org.springframework.security\\spring-security-test\\6.5.0\\72376e514367f7e86815a424c3aefa6634570498\\spring-security-test-6.5.0.jar;C:\\Users\\Nasko\\.gradle\\caches\\modules-2\\files-2.1\\org.junit.jupiter\\junit-jupiter\\5.12.2\\64d3ec64ae06517bc14b7faaaec7c996b0d05bea\\junit-jupiter-5.12.2.jar;C:\\Users\\Nasko\\.gradle\\caches\\modules-2\\files-2.1\\org.junit.jupiter\\junit-jupiter-engine\\5.12.2\\b8df7575b8cd3a94dbe27b481d1cd52c57864559\\junit-jupiter-engine-5.12.2.jar;C:\\Users\\Nasko\\.gradle\\caches\\modules-2\\files-2.1\\org.mockito\\mockito-junit-jupiter\\5.17.0\\4399e19e3fb5b55230027583323e4c883d5da07d\\mockito-junit-jupiter-5.17.0.jar;C:\\Users\\Nasko\\.gradle\\caches\\modules-2\\files-2.1\\org.junit.jupiter\\junit-jupiter-params\\5.12.2\\ff1434a66d1fb84c2c709cde2e2d56d5c8f4fad3\\junit-jupiter-params-5.12.2.jar;C:\\Users\\Nasko\\.gradle\\caches\\modules-2\\files-2.1\\org.junit.jupiter\\junit-jupiter-api\\5.12.2\\6de3a3256c5d90f4a439edcb6c2e8dc5180907b0\\junit-jupiter-api-5.12.2.jar;C:\\Users\\Nasko\\.gradle\\caches\\modules-2\\files-2.1\\org.junit.platform\\junit-platform-engine\\1.12.2\\8519ece93f91b8115705d36be2c36d49808935cd\\junit-platform-engine-1.12.2.jar;C:\\Users\\Nasko\\.gradle\\caches\\modules-2\\files-2.1\\org.junit.platform\\junit-platform-commons\\1.12.2\\b89e88a89ee009937374a4c96912e007b34c8e35\\junit-platform-commons-1.12.2.jar;C:\\Users\\Nasko\\.gradle\\caches\\modules-2\\files-2.1\\org.junit.platform\\junit-platform-launcher\\1.12.2\\79d49ad13017c67a8bf76e10ba5ac8937d811772\\junit-platform-launcher-1.12.2.jar;C:\\Users\\Nasko\\.gradle\\caches\\modules-2\\files-2.1\\org.jetbrains\\annotations\\13.0\\919f0dfe192fb4e063e7dacadee7f8bb9a2672a9\\annotations-13.0.jar;C:\\Users\\Nasko\\.gradle\\caches\\modules-2\\files-2.1\\org.springframework.boot\\spring-boot-starter-jdbc\\3.5.0\\5e0188ba4c52ec7ba36b1618ff7f9738bffa1eb\\spring-boot-starter-jdbc-3.5.0.jar;C:\\Users\\Nasko\\.gradle\\caches\\modules-2\\files-2.1\\org.springframework.boot\\spring-boot-starter\\3.5.0\\f8b02201e89d294514420a586624aa7338d61f4f\\spring-boot-starter-3.5.0.jar;C:\\Users\\Nasko\\.gradle\\caches\\modules-2\\files-2.1\\org.hibernate.orm\\hibernate-core\\6.6.15.Final\\9ff5f41fc240a56d7076193094602c62a5294ea5\\hibernate-core-6.6.15.Final.jar;C:\\Users\\Nasko\\.gradle\\caches\\modules-2\\files-2.1\\org.springframework.data\\spring-data-jpa\\3.5.0\\177be0a4199ea3300ee63008bbe91c8c7e639610\\spring-data-jpa-3.5.0.jar;C:\\Users\\Nasko\\.gradle\\caches\\modules-2\\files-2.1\\org.springframework\\spring-aspects\\6.2.7\\52461ec85ce1dc6e80fdca92c85bab9faebc0509\\spring-aspects-6.2.7.jar;C:\\Users\\Nasko\\.gradle\\caches\\modules-2\\files-2.1\\org.springframework.security\\spring-security-config\\6.5.0\\722e3b1f1e0fa3732f98d6dc69622f6edec2fa1f\\spring-security-config-6.5.0.jar;C:\\Users\\Nasko\\.gradle\\caches\\modules-2\\files-2.1\\org.springframework.security\\spring-security-web\\6.5.0\\fe36d58e9f3b8510ad8495e2dd4df9ece8e5ee7c\\spring-security-web-6.5.0.jar;C:\\Users\\Nasko\\.gradle\\caches\\modules-2\\files-2.1\\org.springframework\\spring-webmvc\\6.2.7\\a1954b3a51f585c6b8582831661fec981d2571e\\spring-webmvc-6.2.7.jar;C:\\Users\\Nasko\\.gradle\\caches\\modules-2\\files-2.1\\org.springframework.security\\spring-security-core\\6.5.0\\8aaee0c3b38897272e21dc5545451493c60dbdd0\\spring-security-core-6.5.0.jar;C:\\Users\\Nasko\\.gradle\\caches\\modules-2\\files-2.1\\org.springframework.boot\\spring-boot-test-autoconfigure\\3.5.0\\7316f805ca7db725b54e3d3902ca0b6ebafc50bc\\spring-boot-test-autoconfigure-3.5.0.jar;C:\\Users\\Nasko\\.gradle\\caches\\modules-2\\files-2.1\\org.springframework.boot\\spring-boot-autoconfigure\\3.5.0\\a7f8ba40022dd75f20ac0eafe117437a1a7f3935\\spring-boot-autoconfigure-3.5.0.jar;C:\\Users\\Nasko\\.gradle\\caches\\modules-2\\files-2.1\\org.springframework.boot\\spring-boot-test\\3.5.0\\1c5c19ae32d1c4b8532dcab8a8e92094ef864bda\\spring-boot-test-3.5.0.jar;C:\\Users\\Nasko\\.gradle\\caches\\modules-2\\files-2.1\\org.springframework.boot\\spring-boot\\3.5.0\\ec86afc460265a0219bfafe187acb6c596ac2de1\\spring-boot-3.5.0.jar;C:\\Users\\Nasko\\.gradle\\caches\\modules-2\\files-2.1\\org.springframework\\spring-context\\6.2.7\\e0f3850bba7ff52016429e8d2fa39b5107f1fde6\\spring-context-6.2.7.jar;C:\\Users\\Nasko\\.gradle\\caches\\modules-2\\files-2.1\\org.springframework\\spring-aop\\6.2.7\\3df3ee9217cb62e65382718351e56f1eeb76e74c\\spring-aop-6.2.7.jar;C:\\Users\\Nasko\\.gradle\\caches\\modules-2\\files-2.1\\org.springframework.boot\\spring-boot-starter-tomcat\\3.5.0\\2e22a33e6f9444a7248581a23541fea5c1f6c216\\spring-boot-starter-tomcat-3.5.0.jar;C:\\Users\\Nasko\\.gradle\\caches\\modules-2\\files-2.1\\org.apache.tomcat.embed\\tomcat-embed-el\\10.1.41\\5ca28d87f558ce31b9952dc9592f46633dc5d7a3\\tomcat-embed-el-10.1.41.jar;C:\\Users\\Nasko\\.gradle\\caches\\modules-2\\files-2.1\\org.hibernate.validator\\hibernate-validator\\8.0.2.Final\\220e64815dd87535525331de20570017f899eb13\\hibernate-validator-8.0.2.Final.jar;C:\\Users\\Nasko\\.gradle\\caches\\modules-2\\files-2.1\\org.springframework\\spring-web\\6.2.7\\1bd08eba2f2fd69eef49473e42fe124a20e7f844\\spring-web-6.2.7.jar;C:\\Users\\Nasko\\.gradle\\caches\\modules-2\\files-2.1\\gg.jte\\jte\\3.1.16\\d3cc0de8b0b9a697540148c96a66f3b234284c1\\jte-3.1.16.jar;C:\\Users\\Nasko\\.gradle\\caches\\modules-2\\files-2.1\\org.checkerframework\\checker-qual\\3.48.3\\c48effe7d78de3cf5e8a98c614281ec6a2466a77\\checker-qual-3.48.3.jar;C:\\Users\\Nasko\\.gradle\\caches\\modules-2\\files-2.1\\com.jayway.jsonpath\\json-path\\2.9.0\\37fe2217f577b0b68b18e62c4d17a8858ecf9b69\\json-path-2.9.0.jar;C:\\Users\\Nasko\\.gradle\\caches\\modules-2\\files-2.1\\org.glassfish.jaxb\\jaxb-runtime\\4.0.5\\ca84c2a7169b5293e232b9d00d1e4e36d4c3914a\\jaxb-runtime-4.0.5.jar;C:\\Users\\Nasko\\.gradle\\caches\\modules-2\\files-2.1\\org.glassfish.jaxb\\jaxb-core\\4.0.5\\7b4b11ea5542eea4ad55e1080b23be436795b3\\jaxb-core-4.0.5.jar;C:\\Users\\Nasko\\.gradle\\caches\\modules-2\\files-2.1\\jakarta.xml.bind\\jakarta.xml.bind-api\\4.0.2\\6cd5a999b834b63238005b7144136379dc36cad2\\jakarta.xml.bind-api-4.0.2.jar;C:\\Users\\Nasko\\.gradle\\caches\\modules-2\\files-2.1\\net.minidev\\json-smart\\2.5.2\\95d166b18f95907be0f46cdb9e1c0695eed03387\\json-smart-2.5.2.jar;C:\\Users\\Nasko\\.gradle\\caches\\modules-2\\files-2.1\\org.assertj\\assertj-core\\3.27.3\\31f5d58a202bd5df4993fb10fa2cffd610c20d6f\\assertj-core-3.27.3.jar;C:\\Users\\Nasko\\.gradle\\caches\\modules-2\\files-2.1\\org.awaitility\\awaitility\\4.3.0\\f0c0bc1e404e500bab3f498b922eaedeae1c0207\\awaitility-4.3.0.jar;C:\\Users\\Nasko\\.gradle\\caches\\modules-2\\files-2.1\\org.hamcrest\\hamcrest\\3.0\\8fd9b78a8e6a6510a078a9e30e9e86a6035cfaf7\\hamcrest-3.0.jar;C:\\Users\\Nasko\\.gradle\\caches\\modules-2\\files-2.1\\org.mockito\\mockito-core\\5.17.0\\f5fe5a2f94eb65f4f83ca0607bfe13ec0d9c6f3b\\mockito-core-5.17.0.jar;C:\\Users\\Nasko\\.gradle\\caches\\modules-2\\files-2.1\\org.skyscreamer\\jsonassert\\1.5.3\\aaa43e0823d2a0e106e8754d6a9c4ab24e05e9bc\\jsonassert-1.5.3.jar;C:\\Users\\Nasko\\.gradle\\caches\\modules-2\\files-2.1\\org.springframework\\spring-test\\6.2.7\\77af0b9d6b218d149f77e63ff5ec6349b5d8abdd\\spring-test-6.2.7.jar;C:\\Users\\Nasko\\.gradle\\caches\\modules-2\\files-2.1\\org.springframework\\spring-orm\\6.2.7\\a8966e1cf3591397b2b1381742877d55367f0b21\\spring-orm-6.2.7.jar;C:\\Users\\Nasko\\.gradle\\caches\\modules-2\\files-2.1\\org.springframework\\spring-jdbc\\6.2.7\\9c2a6ac46e3af69b226401678591b6fe0350a617\\spring-jdbc-6.2.7.jar;C:\\Users\\Nasko\\.gradle\\caches\\modules-2\\files-2.1\\org.springframework.data\\spring-data-commons\\3.5.0\\cae371875e7267078e1d9047db769dc598156812\\spring-data-commons-3.5.0.jar;C:\\Users\\Nasko\\.gradle\\caches\\modules-2\\files-2.1\\org.springframework\\spring-tx\\6.2.7\\6cf5d200c297fa8cc0b4cf39c1a20b310d2c3d52\\spring-tx-6.2.7.jar;C:\\Users\\Nasko\\.gradle\\caches\\modules-2\\files-2.1\\org.springframework\\spring-beans\\6.2.7\\64119950b73943f67196705e43acddd7bf714c45\\spring-beans-6.2.7.jar;C:\\Users\\Nasko\\.gradle\\caches\\modules-2\\files-2.1\\org.springframework\\spring-expression\\6.2.7\\fa525916c85df246fcb70c771d039523dd6f12d9\\spring-expression-6.2.7.jar;C:\\Users\\Nasko\\.gradle\\caches\\modules-2\\files-2.1\\org.springframework\\spring-core\\6.2.7\\525a228b8b4323568b7aa9e49c1e1df27838adf1\\spring-core-6.2.7.jar;C:\\Users\\Nasko\\.gradle\\caches\\modules-2\\files-2.1\\org.xmlunit\\xmlunit-core\\2.10.1\\292f3b22389f67bd7ab541783561672e71603eaf\\xmlunit-core-2.10.1.jar;C:\\Users\\Nasko\\.gradle\\caches\\modules-2\\files-2.1\\org.springframework.boot\\spring-boot-starter-logging\\3.5.0\\7db0461d8895f00a9841bf5558501fe90e7eba4c\\spring-boot-starter-logging-3.5.0.jar;C:\\Users\\Nasko\\.gradle\\caches\\modules-2\\files-2.1\\jakarta.annotation\\jakarta.annotation-api\\2.1.1\\48b9bda22b091b1f48b13af03fe36db3be6e1ae3\\jakarta.annotation-api-2.1.1.jar;C:\\Users\\Nasko\\.gradle\\caches\\modules-2\\files-2.1\\org.yaml\\snakeyaml\\2.4\\e0666b825b796f85521f02360e77f4c92c5a7a07\\snakeyaml-2.4.jar;C:\\Users\\Nasko\\.gradle\\caches\\modules-2\\files-2.1\\com.zaxxer\\HikariCP\\6.3.0\\bebd113244c9d9926c6b792f28110ed6380cacc2\\HikariCP-6.3.0.jar;C:\\Users\\Nasko\\.gradle\\caches\\modules-2\\files-2.1\\jakarta.persistence\\jakarta.persistence-api\\3.1.0\\66901fa1c373c6aff65c13791cc11da72060a8d6\\jakarta.persistence-api-3.1.0.jar;C:\\Users\\Nasko\\.gradle\\caches\\modules-2\\files-2.1\\jakarta.transaction\\jakarta.transaction-api\\2.0.1\\51a520e3fae406abb84e2e1148e6746ce3f80a1a\\jakarta.transaction-api-2.0.1.jar;C:\\Users\\Nasko\\.gradle\\caches\\modules-2\\files-2.1\\org.jboss.logging\\jboss-logging\\3.6.1.Final\\886afbb445b4016a37c8960a7aef6ebd769ce7e5\\jboss-logging-3.6.1.Final.jar;C:\\Users\\Nasko\\.gradle\\caches\\modules-2\\files-2.1\\org.hibernate.common\\hibernate-commons-annotations\\7.0.3.Final\\e183c4be8bb41d12e9f19b374e00c34a0a85f439\\hibernate-commons-annotations-7.0.3.Final.jar;C:\\Users\\Nasko\\.gradle\\caches\\modules-2\\files-2.1\\io.smallrye\\jandex\\3.2.0\\f17ad860f62a08487b9edabde608f8ac55c62fa7\\jandex-3.2.0.jar;C:\\Users\\Nasko\\.gradle\\caches\\modules-2\\files-2.1\\com.fasterxml\\classmate\\1.7.0\\e98374da1f2143ac8e6e0a95036994bb19137a3\\classmate-1.7.0.jar;C:\\Users\\Nasko\\.gradle\\caches\\modules-2\\files-2.1\\net.bytebuddy\\byte-buddy\\1.17.5\\88450f120903b7e72470462cdbd2b75a3842223c\\byte-buddy-1.17.5.jar;C:\\Users\\Nasko\\.gradle\\caches\\modules-2\\files-2.1\\jakarta.inject\\jakarta.inject-api\\2.0.1\\4c28afe1991a941d7702fe1362c365f0a8641d1e\\jakarta.inject-api-2.0.1.jar;C:\\Users\\Nasko\\.gradle\\caches\\modules-2\\files-2.1\\org.antlr\\antlr4-runtime\\4.13.0\\5a02e48521624faaf5ff4d99afc88b01686af655\\antlr4-runtime-4.13.0.jar;C:\\Users\\Nasko\\.gradle\\caches\\modules-2\\files-2.1\\ch.qos.logback\\logback-classic\\1.5.18\\fc371f3fc97a639de2d67947cffb7518ec5e3d40\\logback-classic-1.5.18.jar;C:\\Users\\Nasko\\.gradle\\caches\\modules-2\\files-2.1\\org.apache.logging.log4j\\log4j-to-slf4j\\2.24.3\\da1143e2a2531ee1c2d90baa98eb50a28a39d5a7\\log4j-to-slf4j-2.24.3.jar;C:\\Users\\Nasko\\.gradle\\caches\\modules-2\\files-2.1\\org.slf4j\\jul-to-slf4j\\2.0.17\\524cb6ccc2b68a57604750e1ab8b13b5a786a6aa\\jul-to-slf4j-2.0.17.jar;C:\\Users\\Nasko\\.gradle\\caches\\modules-2\\files-2.1\\org.slf4j\\slf4j-api\\2.0.17\\d9e58ac9c7779ba3bf8142aff6c830617a7fe60f\\slf4j-api-2.0.17.jar;C:\\Users\\Nasko\\.gradle\\caches\\modules-2\\files-2.1\\org.aspectj\\aspectjweaver\\1.9.24\\9b5aeb0cea9f958b9c57fb80e62996e95a3e9379\\aspectjweaver-1.9.24.jar;C:\\Users\\Nasko\\.gradle\\caches\\modules-2\\files-2.1\\jakarta.validation\\jakarta.validation-api\\3.0.2\\92b6631659ba35ca09e44874d3eb936edfeee532\\jakarta.validation-api-3.0.2.jar;C:\\Users\\Nasko\\.gradle\\caches\\modules-2\\files-2.1\\org.apache.tomcat.embed\\tomcat-embed-websocket\\10.1.41\\d696393d5949252ed8d561184df118b3ca5efd07\\tomcat-embed-websocket-10.1.41.jar;C:\\Users\\Nasko\\.gradle\\caches\\modules-2\\files-2.1\\org.apache.tomcat.embed\\tomcat-embed-core\\10.1.41\\bcf9c79a4508fd36c93babc83823c09b3aa2d510\\tomcat-embed-core-10.1.41.jar;C:\\Users\\Nasko\\.gradle\\caches\\modules-2\\files-2.1\\io.micrometer\\micrometer-observation\\1.15.0\\1bcd42cb00aead4d441038fa86b0e6b41922e254\\micrometer-observation-1.15.0.jar;C:\\Users\\Nasko\\.gradle\\caches\\modules-2\\files-2.1\\gg.jte\\jte-extension-api\\3.1.16\\61025684258fbc958b087d797a345e01ca7d84f\\jte-extension-api-3.1.16.jar;C:\\Users\\Nasko\\.gradle\\caches\\modules-2\\files-2.1\\gg.jte\\jte-runtime\\3.1.16\\9cd7b4ce11f35d2801315687018d65d5773b274a\\jte-runtime-3.1.16.jar;C:\\Users\\Nasko\\.gradle\\caches\\modules-2\\files-2.1\\org.eclipse.angus\\angus-activation\\2.0.2\\41f1e0ddd157c856926ed149ab837d110955a9fc\\angus-activation-2.0.2.jar;C:\\Users\\Nasko\\.gradle\\caches\\modules-2\\files-2.1\\jakarta.activation\\jakarta.activation-api\\2.1.3\\fa165bd70cda600368eee31555222776a46b881f\\jakarta.activation-api-2.1.3.jar;C:\\Users\\Nasko\\.gradle\\caches\\modules-2\\files-2.1\\net.minidev\\accessors-smart\\2.5.2\\ce16fd235cfee48e67eda33e684423bba09f7d07\\accessors-smart-2.5.2.jar;C:\\Users\\Nasko\\.gradle\\caches\\modules-2\\files-2.1\\net.bytebuddy\\byte-buddy-agent\\1.17.5\\58f9507f5f28d1d3e7adfb4ec2fe37c29d332c9b\\byte-buddy-agent-1.17.5.jar;C:\\Users\\Nasko\\.gradle\\caches\\modules-2\\files-2.1\\org.objenesis\\objenesis\\3.3\\1049c09f1de4331e8193e579448d0916d75b7631\\objenesis-3.3.jar;C:\\Users\\Nasko\\.gradle\\caches\\modules-2\\files-2.1\\com.vaadin.external.google\\android-json\\0.0.20131108.vaadin1\\fa26d351fe62a6a17f5cda1287c1c6110dec413f\\android-json-0.0.20131108.vaadin1.jar;C:\\Users\\Nasko\\.gradle\\caches\\modules-2\\files-2.1\\org.springframework\\spring-jcl\\6.2.7\\16b5f3446a6fcf097f4910c935086d08db657653\\spring-jcl-6.2.7.jar;C:\\Users\\Nasko\\.gradle\\caches\\modules-2\\files-2.1\\org.opentest4j\\opentest4j\\1.3.0\\152ea56b3a72f655d4fd677fc0ef2596c3dd5e6e\\opentest4j-1.3.0.jar;C:\\Users\\Nasko\\.gradle\\caches\\modules-2\\files-2.1\\org.springframework.security\\spring-security-crypto\\6.5.0\\d3f68d9c0ea8ff9c02db090db5f8838481f8c5a\\spring-security-crypto-6.5.0.jar;C:\\Users\\Nasko\\.gradle\\caches\\modules-2\\files-2.1\\io.micrometer\\micrometer-commons\\1.15.0\\a796f0418b2e0fe42988a1ca6e240d8b3fb5e954\\micrometer-commons-1.15.0.jar;C:\\Users\\Nasko\\.gradle\\caches\\modules-2\\files-2.1\\org.ow2.asm\\asm\\9.7.1\\f0ed132a49244b042cd0e15702ab9f2ce3cc8436\\asm-9.7.1.jar;C:\\Users\\Nasko\\.gradle\\caches\\modules-2\\files-2.1\\ch.qos.logback\\logback-core\\1.5.18\\6c0375624f6f36b4e089e2488ba21334a11ef13f\\logback-core-1.5.18.jar;C:\\Users\\Nasko\\.gradle\\caches\\modules-2\\files-2.1\\org.apache.logging.log4j\\log4j-api\\2.24.3\\b02c125db8b6d295adf72ae6e71af5d83bce2370\\log4j-api-2.24.3.jar;C:\\Users\\Nasko\\.gradle\\caches\\modules-2\\files-2.1\\org.glassfish.jaxb\\txw2\\4.0.5\\f36a4ef12120a9bb06d766d6a0e54b144fd7ed98\\txw2-4.0.5.jar;C:\\Users\\Nasko\\.gradle\\caches\\modules-2\\files-2.1\\com.sun.istack\\istack-commons-runtime\\4.1.2\\18ec117c85f3ba0ac65409136afa8e42bc74e739\\istack-commons-runtime-4.1.2.jar
Launcher Type: SUN_STANDARD

[Global flags]
     intx CICompilerCount                          = 4                                         {product} {ergonomic}
     uint ConcGCThreads                            = 2                                         {product} {ergonomic}
     uint G1ConcRefinementThreads                  = 8                                         {product} {ergonomic}
   size_t G1HeapRegionSize                         = 1048576                                   {product} {ergonomic}
    uintx GCDrainStackTargetSize                   = 64                                        {product} {ergonomic}
   size_t InitialHeapSize                          = 264241152                                 {product} {ergonomic}
   size_t MarkStackSize                            = 4194304                                   {product} {ergonomic}
   size_t MaxHeapSize                              = 536870912                                 {product} {command line}
   size_t MinHeapDeltaBytes                        = 1048576                                   {product} {ergonomic}
   size_t MinHeapSize                              = 8388608                                   {product} {ergonomic}
    uintx NonNMethodCodeHeapSize                   = 5839372                                {pd product} {ergonomic}
    uintx NonProfiledCodeHeapSize                  = 122909434                              {pd product} {ergonomic}
    uintx ProfiledCodeHeapSize                     = 122909434                              {pd product} {ergonomic}
    uintx ReservedCodeCacheSize                    = 251658240                              {pd product} {ergonomic}
     bool SegmentedCodeCache                       = true                                      {product} {ergonomic}
   size_t SoftMaxHeapSize                          = 536870912                              {manageable} {ergonomic}
     bool UseCompressedOops                        = true                           {product lp64_product} {ergonomic}
     bool UseG1GC                                  = true                                      {product} {ergonomic}
     bool UseLargePagesIndividualAllocation        = false                                  {pd product} {ergonomic}

Logging:
Log output configuration:
 #0: stdout all=warning uptime,level,tags foldmultilines=false
 #1: stderr all=off uptime,level,tags foldmultilines=false

Environment Variables:
CLASSPATH=C:\Users\Nasko\Documents\GitHub\car-app2\backend\car-backend\\gradle\wrapper\gradle-wrapper.jar
PATH=C:\Program Files\National Instruments\Shared\OpenVINO\;C:\Program Files\Common Files\Oracle\Java\javapath;C:\Program Files (x86)\Common Files\Oracle\Java\java8path;C:\Program Files (x86)\Common Files\Oracle\Java\javapath;C:\Program Files\AdoptOpenJDK\jdk-11.0.9.11-hotspot\bin;C:\WINDOWS\system32;C:\WINDOWS;C:\WINDOWS\System32\Wbem;C:\WINDOWS\System32\WindowsPowerShell\v1.0\;C:\WINDOWS\System32\OpenSSH\;C:\Program Files (x86)\PuTTY\;C:\Program Files\Git\cmd;C:\Program Files\Docker\Docker\resources\bin;C:\Program Files\PostgreSQL\17\bin;C:\Program Files\nodejs\;C:\Program Files\doctl\;C:\Program Files\dotnet\;C:\Program Files (x86)\IVI Foundation\VISA\WinNT\Bin\;C:\Program Files\IVI Foundation\VISA\Win64\Bin\;C:\Program Files (x86)\National Instruments\Shared\LabVIEW CLI;C:\Program Files (x86)\IVI Foundation\IVI\Bin\;C:\Program Files\IVI Foundation\IVI\Bin\;C:\Program Files (x86)\IVI Foundation\VISA\WinNT\Bin;C:\Program Files\MySQL\MySQL Shell 8.0\bin\;C:\Users\Nasko\AppData\Local\Microsoft\WindowsApps;C:\Program Files\CodeBlocks\MinGW\bin;C:\Users\Nasko\AppData\Local\Programs\Microsoft VS Code\bin;C:\Program Files (x86)\GnuWin32\bin;C:\Users\Nasko\AppData\Local\GitHubDesktop\bin;C:\Users\Nasko\Desktop\cpp\mingw64\bin;C:\Users\Nasko\Desktop\1338\cpp\mingw64\bin;C:\Program Files\JetBrains\IntelliJ IDEA Community Edition 2024.2.3\bin;;c:\users\nasko\appdata\local\packages\pythonsoftwarefoundation.python.3.10_qbz5n2kfra8p0\localcache\local-packages\python310\Scripts;;C:\Users\Nasko\.bun\bin;C:\Users\Nasko\AppData\Roaming\npm;C:\Users\Nasko\AppData\Local\Programs\cursor\resources\app\bin
USERNAME=Nasko
OS=Windows_NT
PROCESSOR_IDENTIFIER=Intel64 Family 6 Model 126 Stepping 5, GenuineIntel
TMP=C:\Users\Nasko\AppData\Local\Temp
TEMP=C:\Users\Nasko\AppData\Local\Temp




Periodic native trim disabled

---------------  S Y S T E M  ---------------

OS:
 Windows 11 , 64 bit Build 26100 (10.0.26100.3912)
OS uptime: 7 days 22:03 hours
Hyper-V role detected

CPU: total 8 (initial active 8) (4 cores per cpu, 2 threads per core) family 6 model 126 stepping 5 microcode 0xa0, cx8, cmov, fxsr, ht, mmx, 3dnowpref, sse, sse2, sse3, ssse3, sse4.1, sse4.2, popcnt, lzcnt, tsc, tscinvbit, avx, avx2, aes, erms, clmul, bmi1, bmi2, adx, avx512f, avx512dq, avx512cd, avx512bw, avx512vl, sha, fma, vzeroupper, avx512_vpopcntdq, avx512_vpclmulqdq, avx512_vaes, avx512_vnni, clflush, clflushopt, avx512_vbmi2, avx512_vbmi, hv, rdtscp, rdpid, fsrm, gfni, avx512_bitalg, f16c, avx512_ifma
Processor Information for all 8 processors :
  Max Mhz: 1498, Current Mhz: 1298, Mhz Limit: 1288

Memory: 4k page, system-wide physical 16126M (1781M free)
TotalPageFile size 24322M (AvailPageFile size 220M)
current process WorkingSet (physical memory assigned to process): 12M, peak: 12M
current process commit charge ("private bytes"): 60M, peak: 311M

vm_info: Java HotSpot(TM) 64-Bit Server VM (21.0.5+9-LTS-239) for windows-amd64 JRE (21.0.5+9-LTS-239), built on 2024-09-30T05:17:38Z by "mach5one" with MS VC++ 17.6 (VS2022)

END.
